{"C:\\Work\\ck-invoicexml\\api\\services\\debit_note.service.js":{"path":"C:\\Work\\ck-invoicexml\\api\\services\\debit_note.service.js","statementMap":{"0":{"start":{"line":1,"column":19},"end":{"line":1,"column":61}},"1":{"start":{"line":2,"column":21},"end":{"line":2,"column":68}},"2":{"start":{"line":3,"column":19},"end":{"line":3,"column":52}},"3":{"start":{"line":4,"column":15},"end":{"line":4,"column":43}},"4":{"start":{"line":12,"column":10},"end":{"line":124,"column":1}},"5":{"start":{"line":13,"column":10},"end":{"line":13,"column":11}},"6":{"start":{"line":14,"column":12},"end":{"line":14,"column":13}},"7":{"start":{"line":15,"column":14},"end":{"line":15,"column":18}},"8":{"start":{"line":16,"column":18},"end":{"line":16,"column":66}},"9":{"start":{"line":17,"column":30},"end":{"line":17,"column":88}},"10":{"start":{"line":18,"column":27},"end":{"line":18,"column":82}},"11":{"start":{"line":19,"column":34},"end":{"line":19,"column":95}},"12":{"start":{"line":20,"column":34},"end":{"line":20,"column":95}},"13":{"start":{"line":21,"column":35},"end":{"line":21,"column":105}},"14":{"start":{"line":22,"column":25},"end":{"line":22,"column":85}},"15":{"start":{"line":23,"column":19},"end":{"line":23,"column":65}},"16":{"start":{"line":24,"column":29},"end":{"line":24,"column":85}},"17":{"start":{"line":25,"column":24},"end":{"line":25,"column":76}},"18":{"start":{"line":27,"column":2},"end":{"line":27,"column":88}},"19":{"start":{"line":28,"column":2},"end":{"line":28,"column":88}},"20":{"start":{"line":29,"column":2},"end":{"line":29,"column":108}},"21":{"start":{"line":30,"column":2},"end":{"line":30,"column":92}},"22":{"start":{"line":31,"column":2},"end":{"line":31,"column":86}},"23":{"start":{"line":32,"column":2},"end":{"line":32,"column":72}},"24":{"start":{"line":33,"column":2},"end":{"line":33,"column":76}},"25":{"start":{"line":34,"column":2},"end":{"line":34,"column":86}},"26":{"start":{"line":35,"column":2},"end":{"line":35,"column":86}},"27":{"start":{"line":36,"column":2},"end":{"line":36,"column":108}},"28":{"start":{"line":38,"column":2},"end":{"line":38,"column":122}},"29":{"start":{"line":39,"column":2},"end":{"line":39,"column":124}},"30":{"start":{"line":41,"column":2},"end":{"line":41,"column":108}},"31":{"start":{"line":42,"column":2},"end":{"line":42,"column":112}},"32":{"start":{"line":44,"column":2},"end":{"line":44,"column":130}},"33":{"start":{"line":45,"column":2},"end":{"line":45,"column":148}},"34":{"start":{"line":46,"column":2},"end":{"line":46,"column":106}},"35":{"start":{"line":47,"column":2},"end":{"line":47,"column":110}},"36":{"start":{"line":48,"column":2},"end":{"line":48,"column":122}},"37":{"start":{"line":49,"column":2},"end":{"line":49,"column":136}},"38":{"start":{"line":50,"column":2},"end":{"line":50,"column":118}},"39":{"start":{"line":51,"column":2},"end":{"line":51,"column":110}},"40":{"start":{"line":52,"column":2},"end":{"line":52,"column":138}},"41":{"start":{"line":53,"column":2},"end":{"line":53,"column":126}},"42":{"start":{"line":54,"column":2},"end":{"line":54,"column":134}},"43":{"start":{"line":56,"column":2},"end":{"line":56,"column":130}},"44":{"start":{"line":57,"column":2},"end":{"line":57,"column":148}},"45":{"start":{"line":58,"column":2},"end":{"line":58,"column":106}},"46":{"start":{"line":59,"column":2},"end":{"line":59,"column":110}},"47":{"start":{"line":60,"column":2},"end":{"line":60,"column":122}},"48":{"start":{"line":61,"column":2},"end":{"line":61,"column":136}},"49":{"start":{"line":62,"column":2},"end":{"line":62,"column":118}},"50":{"start":{"line":63,"column":2},"end":{"line":63,"column":110}},"51":{"start":{"line":64,"column":2},"end":{"line":64,"column":138}},"52":{"start":{"line":65,"column":2},"end":{"line":65,"column":126}},"53":{"start":{"line":67,"column":2},"end":{"line":75,"column":3}},"54":{"start":{"line":68,"column":4},"end":{"line":68,"column":137}},"55":{"start":{"line":69,"column":4},"end":{"line":69,"column":56}},"56":{"start":{"line":70,"column":9},"end":{"line":75,"column":3}},"57":{"start":{"line":71,"column":4},"end":{"line":71,"column":120}},"58":{"start":{"line":72,"column":4},"end":{"line":72,"column":121}},"59":{"start":{"line":73,"column":4},"end":{"line":73,"column":121}},"60":{"start":{"line":74,"column":4},"end":{"line":74,"column":66}},"61":{"start":{"line":77,"column":2},"end":{"line":77,"column":8}},"62":{"start":{"line":78,"column":2},"end":{"line":78,"column":29}},"63":{"start":{"line":80,"column":2},"end":{"line":92,"column":3}},"64":{"start":{"line":81,"column":4},"end":{"line":91,"column":5}},"65":{"start":{"line":82,"column":6},"end":{"line":82,"column":39}},"66":{"start":{"line":83,"column":6},"end":{"line":83,"column":100}},"67":{"start":{"line":84,"column":6},"end":{"line":84,"column":122}},"68":{"start":{"line":85,"column":6},"end":{"line":85,"column":108}},"69":{"start":{"line":86,"column":6},"end":{"line":86,"column":100}},"70":{"start":{"line":87,"column":6},"end":{"line":87,"column":96}},"71":{"start":{"line":88,"column":6},"end":{"line":88,"column":89}},"72":{"start":{"line":90,"column":6},"end":{"line":90,"column":54}},"73":{"start":{"line":94,"column":2},"end":{"line":94,"column":15}},"74":{"start":{"line":95,"column":2},"end":{"line":95,"column":32}},"75":{"start":{"line":97,"column":2},"end":{"line":97,"column":117}},"76":{"start":{"line":98,"column":2},"end":{"line":98,"column":115}},"77":{"start":{"line":99,"column":2},"end":{"line":99,"column":119}},"78":{"start":{"line":100,"column":2},"end":{"line":100,"column":113}},"79":{"start":{"line":101,"column":2},"end":{"line":101,"column":105}},"80":{"start":{"line":103,"column":2},"end":{"line":103,"column":8}},"81":{"start":{"line":104,"column":2},"end":{"line":104,"column":32}},"82":{"start":{"line":106,"column":2},"end":{"line":120,"column":3}},"83":{"start":{"line":107,"column":4},"end":{"line":119,"column":5}},"84":{"start":{"line":108,"column":6},"end":{"line":108,"column":44}},"85":{"start":{"line":109,"column":6},"end":{"line":109,"column":100}},"86":{"start":{"line":110,"column":6},"end":{"line":110,"column":104}},"87":{"start":{"line":111,"column":6},"end":{"line":111,"column":104}},"88":{"start":{"line":112,"column":6},"end":{"line":112,"column":116}},"89":{"start":{"line":113,"column":6},"end":{"line":113,"column":123}},"90":{"start":{"line":114,"column":6},"end":{"line":114,"column":121}},"91":{"start":{"line":115,"column":6},"end":{"line":115,"column":111}},"92":{"start":{"line":116,"column":6},"end":{"line":116,"column":107}},"93":{"start":{"line":118,"column":6},"end":{"line":118,"column":33}},"94":{"start":{"line":122,"column":2},"end":{"line":122,"column":15}},"95":{"start":{"line":123,"column":2},"end":{"line":123,"column":37}},"96":{"start":{"line":132,"column":2},"end":{"line":147,"column":3}},"97":{"start":{"line":133,"column":4},"end":{"line":133,"column":84}},"98":{"start":{"line":134,"column":4},"end":{"line":134,"column":96}},"99":{"start":{"line":135,"column":4},"end":{"line":135,"column":102}},"100":{"start":{"line":136,"column":4},"end":{"line":136,"column":90}},"101":{"start":{"line":137,"column":4},"end":{"line":137,"column":108}},"102":{"start":{"line":138,"column":4},"end":{"line":138,"column":90}},"103":{"start":{"line":139,"column":4},"end":{"line":139,"column":90}},"104":{"start":{"line":140,"column":4},"end":{"line":140,"column":112}},"105":{"start":{"line":141,"column":4},"end":{"line":141,"column":104}},"106":{"start":{"line":142,"column":4},"end":{"line":142,"column":76}},"107":{"start":{"line":145,"column":4},"end":{"line":145,"column":80}},"108":{"start":{"line":146,"column":4},"end":{"line":146,"column":16}},"109":{"start":{"line":155,"column":14},"end":{"line":214,"column":1}},"110":{"start":{"line":156,"column":2},"end":{"line":213,"column":3}},"111":{"start":{"line":157,"column":22},"end":{"line":157,"column":67}},"112":{"start":{"line":158,"column":20},"end":{"line":158,"column":84}},"113":{"start":{"line":159,"column":27},"end":{"line":159,"column":82}},"114":{"start":{"line":160,"column":36},"end":{"line":160,"column":100}},"115":{"start":{"line":161,"column":20},"end":{"line":161,"column":73}},"116":{"start":{"line":162,"column":23},"end":{"line":162,"column":79}},"117":{"start":{"line":163,"column":21},"end":{"line":163,"column":70}},"118":{"start":{"line":164,"column":31},"end":{"line":164,"column":93}},"119":{"start":{"line":165,"column":24},"end":{"line":165,"column":91}},"120":{"start":{"line":166,"column":29},"end":{"line":166,"column":86}},"121":{"start":{"line":168,"column":4},"end":{"line":168,"column":54}},"122":{"start":{"line":169,"column":4},"end":{"line":169,"column":34}},"123":{"start":{"line":170,"column":4},"end":{"line":170,"column":53}},"124":{"start":{"line":171,"column":4},"end":{"line":171,"column":47}},"125":{"start":{"line":173,"column":4},"end":{"line":177,"column":5}},"126":{"start":{"line":174,"column":6},"end":{"line":174,"column":54}},"127":{"start":{"line":176,"column":6},"end":{"line":176,"column":46}},"128":{"start":{"line":179,"column":4},"end":{"line":184,"column":5}},"129":{"start":{"line":180,"column":6},"end":{"line":180,"column":44}},"130":{"start":{"line":182,"column":6},"end":{"line":182,"column":97}},"131":{"start":{"line":183,"column":6},"end":{"line":183,"column":102}},"132":{"start":{"line":186,"column":4},"end":{"line":190,"column":5}},"133":{"start":{"line":187,"column":6},"end":{"line":187,"column":53}},"134":{"start":{"line":189,"column":6},"end":{"line":189,"column":41}},"135":{"start":{"line":192,"column":4},"end":{"line":192,"column":47}},"136":{"start":{"line":193,"column":4},"end":{"line":193,"column":69}},"137":{"start":{"line":194,"column":4},"end":{"line":194,"column":48}},"138":{"start":{"line":196,"column":4},"end":{"line":200,"column":5}},"139":{"start":{"line":197,"column":6},"end":{"line":197,"column":114}},"140":{"start":{"line":199,"column":6},"end":{"line":199,"column":40}},"141":{"start":{"line":201,"column":4},"end":{"line":205,"column":5}},"142":{"start":{"line":202,"column":6},"end":{"line":202,"column":130}},"143":{"start":{"line":204,"column":6},"end":{"line":204,"column":38}},"144":{"start":{"line":207,"column":4},"end":{"line":207,"column":60}},"145":{"start":{"line":208,"column":4},"end":{"line":208,"column":79}},"146":{"start":{"line":211,"column":4},"end":{"line":211,"column":73}},"147":{"start":{"line":212,"column":4},"end":{"line":212,"column":16}},"148":{"start":{"line":215,"column":0},"end":{"line":219,"column":2}}},"fnMap":{"0":{"name":"(anonymous_0)","decl":{"start":{"line":12,"column":10},"end":{"line":12,"column":11}},"loc":{"start":{"line":12,"column":30},"end":{"line":124,"column":1}},"line":12},"1":{"name":"setXMLHeader","decl":{"start":{"line":131,"column":9},"end":{"line":131,"column":21}},"loc":{"start":{"line":131,"column":39},"end":{"line":148,"column":1}},"line":131},"2":{"name":"(anonymous_2)","decl":{"start":{"line":155,"column":14},"end":{"line":155,"column":15}},"loc":{"start":{"line":155,"column":34},"end":{"line":214,"column":1}},"line":155}},"branchMap":{"0":{"loc":{"start":{"line":27,"column":66},"end":{"line":27,"column":87}},"type":"binary-expr","locations":[{"start":{"line":27,"column":66},"end":{"line":27,"column":81}},{"start":{"line":27,"column":85},"end":{"line":27,"column":87}}],"line":27},"1":{"loc":{"start":{"line":28,"column":66},"end":{"line":28,"column":87}},"type":"binary-expr","locations":[{"start":{"line":28,"column":66},"end":{"line":28,"column":81}},{"start":{"line":28,"column":85},"end":{"line":28,"column":87}}],"line":28},"2":{"loc":{"start":{"line":29,"column":76},"end":{"line":29,"column":107}},"type":"binary-expr","locations":[{"start":{"line":29,"column":76},"end":{"line":29,"column":101}},{"start":{"line":29,"column":105},"end":{"line":29,"column":107}}],"line":29},"3":{"loc":{"start":{"line":30,"column":68},"end":{"line":30,"column":91}},"type":"binary-expr","locations":[{"start":{"line":30,"column":68},"end":{"line":30,"column":85}},{"start":{"line":30,"column":89},"end":{"line":30,"column":91}}],"line":30},"4":{"loc":{"start":{"line":31,"column":65},"end":{"line":31,"column":85}},"type":"binary-expr","locations":[{"start":{"line":31,"column":65},"end":{"line":31,"column":79}},{"start":{"line":31,"column":83},"end":{"line":31,"column":85}}],"line":31},"5":{"loc":{"start":{"line":32,"column":58},"end":{"line":32,"column":71}},"type":"binary-expr","locations":[{"start":{"line":32,"column":58},"end":{"line":32,"column":65}},{"start":{"line":32,"column":69},"end":{"line":32,"column":71}}],"line":32},"6":{"loc":{"start":{"line":33,"column":60},"end":{"line":33,"column":75}},"type":"binary-expr","locations":[{"start":{"line":33,"column":60},"end":{"line":33,"column":69}},{"start":{"line":33,"column":73},"end":{"line":33,"column":75}}],"line":33},"7":{"loc":{"start":{"line":34,"column":65},"end":{"line":34,"column":85}},"type":"binary-expr","locations":[{"start":{"line":34,"column":65},"end":{"line":34,"column":79}},{"start":{"line":34,"column":83},"end":{"line":34,"column":85}}],"line":34},"8":{"loc":{"start":{"line":35,"column":65},"end":{"line":35,"column":85}},"type":"binary-expr","locations":[{"start":{"line":35,"column":65},"end":{"line":35,"column":79}},{"start":{"line":35,"column":83},"end":{"line":35,"column":85}}],"line":35},"9":{"loc":{"start":{"line":36,"column":76},"end":{"line":36,"column":107}},"type":"binary-expr","locations":[{"start":{"line":36,"column":76},"end":{"line":36,"column":101}},{"start":{"line":36,"column":105},"end":{"line":36,"column":107}}],"line":36},"10":{"loc":{"start":{"line":38,"column":79},"end":{"line":38,"column":121}},"type":"binary-expr","locations":[{"start":{"line":38,"column":79},"end":{"line":38,"column":115}},{"start":{"line":38,"column":119},"end":{"line":38,"column":121}}],"line":38},"11":{"loc":{"start":{"line":39,"column":80},"end":{"line":39,"column":123}},"type":"binary-expr","locations":[{"start":{"line":39,"column":80},"end":{"line":39,"column":117}},{"start":{"line":39,"column":121},"end":{"line":39,"column":123}}],"line":39},"12":{"loc":{"start":{"line":41,"column":67},"end":{"line":41,"column":107}},"type":"binary-expr","locations":[{"start":{"line":41,"column":67},"end":{"line":41,"column":101}},{"start":{"line":41,"column":105},"end":{"line":41,"column":107}}],"line":41},"13":{"loc":{"start":{"line":42,"column":69},"end":{"line":42,"column":111}},"type":"binary-expr","locations":[{"start":{"line":42,"column":69},"end":{"line":42,"column":105}},{"start":{"line":42,"column":109},"end":{"line":42,"column":111}}],"line":42},"14":{"loc":{"start":{"line":44,"column":91},"end":{"line":44,"column":129}},"type":"binary-expr","locations":[{"start":{"line":44,"column":91},"end":{"line":44,"column":123}},{"start":{"line":44,"column":127},"end":{"line":44,"column":129}}],"line":44},"15":{"loc":{"start":{"line":45,"column":110},"end":{"line":45,"column":147}},"type":"binary-expr","locations":[{"start":{"line":45,"column":110},"end":{"line":45,"column":141}},{"start":{"line":45,"column":145},"end":{"line":45,"column":147}}],"line":45},"16":{"loc":{"start":{"line":46,"column":74},"end":{"line":46,"column":105}},"type":"binary-expr","locations":[{"start":{"line":46,"column":74},"end":{"line":46,"column":99}},{"start":{"line":46,"column":103},"end":{"line":46,"column":105}}],"line":46},"17":{"loc":{"start":{"line":47,"column":76},"end":{"line":47,"column":109}},"type":"binary-expr","locations":[{"start":{"line":47,"column":76},"end":{"line":47,"column":103}},{"start":{"line":47,"column":107},"end":{"line":47,"column":109}}],"line":47},"18":{"loc":{"start":{"line":48,"column":82},"end":{"line":48,"column":121}},"type":"binary-expr","locations":[{"start":{"line":48,"column":82},"end":{"line":48,"column":115}},{"start":{"line":48,"column":119},"end":{"line":48,"column":121}}],"line":48},"19":{"loc":{"start":{"line":49,"column":91},"end":{"line":49,"column":135}},"type":"binary-expr","locations":[{"start":{"line":49,"column":91},"end":{"line":49,"column":129}},{"start":{"line":49,"column":133},"end":{"line":49,"column":135}}],"line":49},"20":{"loc":{"start":{"line":50,"column":80},"end":{"line":50,"column":117}},"type":"binary-expr","locations":[{"start":{"line":50,"column":80},"end":{"line":50,"column":111}},{"start":{"line":50,"column":115},"end":{"line":50,"column":117}}],"line":50},"21":{"loc":{"start":{"line":51,"column":76},"end":{"line":51,"column":109}},"type":"binary-expr","locations":[{"start":{"line":51,"column":76},"end":{"line":51,"column":103}},{"start":{"line":51,"column":107},"end":{"line":51,"column":109}}],"line":51},"22":{"loc":{"start":{"line":52,"column":90},"end":{"line":52,"column":137}},"type":"binary-expr","locations":[{"start":{"line":52,"column":90},"end":{"line":52,"column":131}},{"start":{"line":52,"column":135},"end":{"line":52,"column":137}}],"line":52},"23":{"loc":{"start":{"line":53,"column":84},"end":{"line":53,"column":125}},"type":"binary-expr","locations":[{"start":{"line":53,"column":84},"end":{"line":53,"column":119}},{"start":{"line":53,"column":123},"end":{"line":53,"column":125}}],"line":53},"24":{"loc":{"start":{"line":54,"column":88},"end":{"line":54,"column":133}},"type":"binary-expr","locations":[{"start":{"line":54,"column":88},"end":{"line":54,"column":127}},{"start":{"line":54,"column":131},"end":{"line":54,"column":133}}],"line":54},"25":{"loc":{"start":{"line":56,"column":91},"end":{"line":56,"column":129}},"type":"binary-expr","locations":[{"start":{"line":56,"column":91},"end":{"line":56,"column":123}},{"start":{"line":56,"column":127},"end":{"line":56,"column":129}}],"line":56},"26":{"loc":{"start":{"line":57,"column":110},"end":{"line":57,"column":147}},"type":"binary-expr","locations":[{"start":{"line":57,"column":110},"end":{"line":57,"column":141}},{"start":{"line":57,"column":145},"end":{"line":57,"column":147}}],"line":57},"27":{"loc":{"start":{"line":58,"column":74},"end":{"line":58,"column":105}},"type":"binary-expr","locations":[{"start":{"line":58,"column":74},"end":{"line":58,"column":99}},{"start":{"line":58,"column":103},"end":{"line":58,"column":105}}],"line":58},"28":{"loc":{"start":{"line":59,"column":76},"end":{"line":59,"column":109}},"type":"binary-expr","locations":[{"start":{"line":59,"column":76},"end":{"line":59,"column":103}},{"start":{"line":59,"column":107},"end":{"line":59,"column":109}}],"line":59},"29":{"loc":{"start":{"line":60,"column":82},"end":{"line":60,"column":121}},"type":"binary-expr","locations":[{"start":{"line":60,"column":82},"end":{"line":60,"column":115}},{"start":{"line":60,"column":119},"end":{"line":60,"column":121}}],"line":60},"30":{"loc":{"start":{"line":61,"column":91},"end":{"line":61,"column":135}},"type":"binary-expr","locations":[{"start":{"line":61,"column":91},"end":{"line":61,"column":129}},{"start":{"line":61,"column":133},"end":{"line":61,"column":135}}],"line":61},"31":{"loc":{"start":{"line":62,"column":80},"end":{"line":62,"column":117}},"type":"binary-expr","locations":[{"start":{"line":62,"column":80},"end":{"line":62,"column":111}},{"start":{"line":62,"column":115},"end":{"line":62,"column":117}}],"line":62},"32":{"loc":{"start":{"line":63,"column":76},"end":{"line":63,"column":109}},"type":"binary-expr","locations":[{"start":{"line":63,"column":76},"end":{"line":63,"column":103}},{"start":{"line":63,"column":107},"end":{"line":63,"column":109}}],"line":63},"33":{"loc":{"start":{"line":64,"column":90},"end":{"line":64,"column":137}},"type":"binary-expr","locations":[{"start":{"line":64,"column":90},"end":{"line":64,"column":131}},{"start":{"line":64,"column":135},"end":{"line":64,"column":137}}],"line":64},"34":{"loc":{"start":{"line":65,"column":84},"end":{"line":65,"column":125}},"type":"binary-expr","locations":[{"start":{"line":65,"column":84},"end":{"line":65,"column":119}},{"start":{"line":65,"column":123},"end":{"line":65,"column":125}}],"line":65},"35":{"loc":{"start":{"line":67,"column":2},"end":{"line":75,"column":3}},"type":"if","locations":[{"start":{"line":67,"column":2},"end":{"line":75,"column":3}},{"start":{"line":67,"column":2},"end":{"line":75,"column":3}}],"line":67},"36":{"loc":{"start":{"line":68,"column":91},"end":{"line":68,"column":136}},"type":"binary-expr","locations":[{"start":{"line":68,"column":91},"end":{"line":68,"column":130}},{"start":{"line":68,"column":134},"end":{"line":68,"column":136}}],"line":68},"37":{"loc":{"start":{"line":70,"column":9},"end":{"line":75,"column":3}},"type":"if","locations":[{"start":{"line":70,"column":9},"end":{"line":75,"column":3}},{"start":{"line":70,"column":9},"end":{"line":75,"column":3}}],"line":70},"38":{"loc":{"start":{"line":71,"column":74},"end":{"line":71,"column":119}},"type":"binary-expr","locations":[{"start":{"line":71,"column":74},"end":{"line":71,"column":113}},{"start":{"line":71,"column":117},"end":{"line":71,"column":119}}],"line":71},"39":{"loc":{"start":{"line":72,"column":75},"end":{"line":72,"column":120}},"type":"binary-expr","locations":[{"start":{"line":72,"column":75},"end":{"line":72,"column":114}},{"start":{"line":72,"column":118},"end":{"line":72,"column":120}}],"line":72},"40":{"loc":{"start":{"line":73,"column":75},"end":{"line":73,"column":120}},"type":"binary-expr","locations":[{"start":{"line":73,"column":75},"end":{"line":73,"column":114}},{"start":{"line":73,"column":118},"end":{"line":73,"column":120}}],"line":73},"41":{"loc":{"start":{"line":81,"column":4},"end":{"line":91,"column":5}},"type":"if","locations":[{"start":{"line":81,"column":4},"end":{"line":91,"column":5}},{"start":{"line":81,"column":4},"end":{"line":91,"column":5}}],"line":81},"42":{"loc":{"start":{"line":83,"column":67},"end":{"line":83,"column":99}},"type":"binary-expr","locations":[{"start":{"line":83,"column":67},"end":{"line":83,"column":93}},{"start":{"line":83,"column":97},"end":{"line":83,"column":99}}],"line":83},"43":{"loc":{"start":{"line":84,"column":78},"end":{"line":84,"column":121}},"type":"binary-expr","locations":[{"start":{"line":84,"column":78},"end":{"line":84,"column":115}},{"start":{"line":84,"column":119},"end":{"line":84,"column":121}}],"line":84},"44":{"loc":{"start":{"line":85,"column":71},"end":{"line":85,"column":107}},"type":"binary-expr","locations":[{"start":{"line":85,"column":71},"end":{"line":85,"column":101}},{"start":{"line":85,"column":105},"end":{"line":85,"column":107}}],"line":85},"45":{"loc":{"start":{"line":86,"column":67},"end":{"line":86,"column":99}},"type":"binary-expr","locations":[{"start":{"line":86,"column":67},"end":{"line":86,"column":93}},{"start":{"line":86,"column":97},"end":{"line":86,"column":99}}],"line":86},"46":{"loc":{"start":{"line":87,"column":65},"end":{"line":87,"column":95}},"type":"binary-expr","locations":[{"start":{"line":87,"column":65},"end":{"line":87,"column":89}},{"start":{"line":87,"column":93},"end":{"line":87,"column":95}}],"line":87},"47":{"loc":{"start":{"line":88,"column":60},"end":{"line":88,"column":88}},"type":"binary-expr","locations":[{"start":{"line":88,"column":60},"end":{"line":88,"column":82}},{"start":{"line":88,"column":86},"end":{"line":88,"column":88}}],"line":88},"48":{"loc":{"start":{"line":97,"column":86},"end":{"line":97,"column":116}},"type":"binary-expr","locations":[{"start":{"line":97,"column":86},"end":{"line":97,"column":110}},{"start":{"line":97,"column":114},"end":{"line":97,"column":116}}],"line":97},"49":{"loc":{"start":{"line":98,"column":85},"end":{"line":98,"column":114}},"type":"binary-expr","locations":[{"start":{"line":98,"column":85},"end":{"line":98,"column":108}},{"start":{"line":98,"column":112},"end":{"line":98,"column":114}}],"line":98},"50":{"loc":{"start":{"line":99,"column":87},"end":{"line":99,"column":118}},"type":"binary-expr","locations":[{"start":{"line":99,"column":87},"end":{"line":99,"column":112}},{"start":{"line":99,"column":116},"end":{"line":99,"column":118}}],"line":99},"51":{"loc":{"start":{"line":100,"column":84},"end":{"line":100,"column":112}},"type":"binary-expr","locations":[{"start":{"line":100,"column":84},"end":{"line":100,"column":106}},{"start":{"line":100,"column":110},"end":{"line":100,"column":112}}],"line":100},"52":{"loc":{"start":{"line":101,"column":80},"end":{"line":101,"column":104}},"type":"binary-expr","locations":[{"start":{"line":101,"column":80},"end":{"line":101,"column":98}},{"start":{"line":101,"column":102},"end":{"line":101,"column":104}}],"line":101},"53":{"loc":{"start":{"line":107,"column":4},"end":{"line":119,"column":5}},"type":"if","locations":[{"start":{"line":107,"column":4},"end":{"line":119,"column":5}},{"start":{"line":107,"column":4},"end":{"line":119,"column":5}}],"line":107},"54":{"loc":{"start":{"line":109,"column":60},"end":{"line":109,"column":99}},"type":"binary-expr","locations":[{"start":{"line":109,"column":60},"end":{"line":109,"column":93}},{"start":{"line":109,"column":97},"end":{"line":109,"column":99}}],"line":109},"55":{"loc":{"start":{"line":110,"column":62},"end":{"line":110,"column":103}},"type":"binary-expr","locations":[{"start":{"line":110,"column":62},"end":{"line":110,"column":97}},{"start":{"line":110,"column":101},"end":{"line":110,"column":103}}],"line":110},"56":{"loc":{"start":{"line":111,"column":62},"end":{"line":111,"column":103}},"type":"binary-expr","locations":[{"start":{"line":111,"column":62},"end":{"line":111,"column":97}},{"start":{"line":111,"column":101},"end":{"line":111,"column":103}}],"line":111},"57":{"loc":{"start":{"line":112,"column":73},"end":{"line":112,"column":115}},"type":"binary-expr","locations":[{"start":{"line":112,"column":73},"end":{"line":112,"column":109}},{"start":{"line":112,"column":113},"end":{"line":112,"column":115}}],"line":112},"58":{"loc":{"start":{"line":113,"column":77},"end":{"line":113,"column":122}},"type":"binary-expr","locations":[{"start":{"line":113,"column":77},"end":{"line":113,"column":116}},{"start":{"line":113,"column":120},"end":{"line":113,"column":122}}],"line":113},"59":{"loc":{"start":{"line":114,"column":76},"end":{"line":114,"column":120}},"type":"binary-expr","locations":[{"start":{"line":114,"column":76},"end":{"line":114,"column":114}},{"start":{"line":114,"column":118},"end":{"line":114,"column":120}}],"line":114},"60":{"loc":{"start":{"line":115,"column":69},"end":{"line":115,"column":110}},"type":"binary-expr","locations":[{"start":{"line":115,"column":69},"end":{"line":115,"column":104}},{"start":{"line":115,"column":108},"end":{"line":115,"column":110}}],"line":115},"61":{"loc":{"start":{"line":116,"column":69},"end":{"line":116,"column":106}},"type":"binary-expr","locations":[{"start":{"line":116,"column":69},"end":{"line":116,"column":100}},{"start":{"line":116,"column":104},"end":{"line":116,"column":106}}],"line":116},"62":{"loc":{"start":{"line":133,"column":66},"end":{"line":133,"column":83}},"type":"binary-expr","locations":[{"start":{"line":133,"column":66},"end":{"line":133,"column":77}},{"start":{"line":133,"column":81},"end":{"line":133,"column":83}}],"line":133},"63":{"loc":{"start":{"line":134,"column":72},"end":{"line":134,"column":95}},"type":"binary-expr","locations":[{"start":{"line":134,"column":72},"end":{"line":134,"column":89}},{"start":{"line":134,"column":93},"end":{"line":134,"column":95}}],"line":134},"64":{"loc":{"start":{"line":135,"column":75},"end":{"line":135,"column":101}},"type":"binary-expr","locations":[{"start":{"line":135,"column":75},"end":{"line":135,"column":95}},{"start":{"line":135,"column":99},"end":{"line":135,"column":101}}],"line":135},"65":{"loc":{"start":{"line":136,"column":69},"end":{"line":136,"column":89}},"type":"binary-expr","locations":[{"start":{"line":136,"column":69},"end":{"line":136,"column":83}},{"start":{"line":136,"column":87},"end":{"line":136,"column":89}}],"line":136},"66":{"loc":{"start":{"line":137,"column":78},"end":{"line":137,"column":107}},"type":"binary-expr","locations":[{"start":{"line":137,"column":78},"end":{"line":137,"column":101}},{"start":{"line":137,"column":105},"end":{"line":137,"column":107}}],"line":137},"67":{"loc":{"start":{"line":138,"column":69},"end":{"line":138,"column":89}},"type":"binary-expr","locations":[{"start":{"line":138,"column":69},"end":{"line":138,"column":83}},{"start":{"line":138,"column":87},"end":{"line":138,"column":89}}],"line":138},"68":{"loc":{"start":{"line":139,"column":69},"end":{"line":139,"column":89}},"type":"binary-expr","locations":[{"start":{"line":139,"column":69},"end":{"line":139,"column":83}},{"start":{"line":139,"column":87},"end":{"line":139,"column":89}}],"line":139},"69":{"loc":{"start":{"line":140,"column":80},"end":{"line":140,"column":111}},"type":"binary-expr","locations":[{"start":{"line":140,"column":80},"end":{"line":140,"column":105}},{"start":{"line":140,"column":109},"end":{"line":140,"column":111}}],"line":140},"70":{"loc":{"start":{"line":141,"column":76},"end":{"line":141,"column":103}},"type":"binary-expr","locations":[{"start":{"line":141,"column":76},"end":{"line":141,"column":97}},{"start":{"line":141,"column":101},"end":{"line":141,"column":103}}],"line":141},"71":{"loc":{"start":{"line":142,"column":62},"end":{"line":142,"column":75}},"type":"binary-expr","locations":[{"start":{"line":142,"column":62},"end":{"line":142,"column":69}},{"start":{"line":142,"column":73},"end":{"line":142,"column":75}}],"line":142},"72":{"loc":{"start":{"line":173,"column":4},"end":{"line":177,"column":5}},"type":"if","locations":[{"start":{"line":173,"column":4},"end":{"line":177,"column":5}},{"start":{"line":173,"column":4},"end":{"line":177,"column":5}}],"line":173},"73":{"loc":{"start":{"line":179,"column":4},"end":{"line":184,"column":5}},"type":"if","locations":[{"start":{"line":179,"column":4},"end":{"line":184,"column":5}},{"start":{"line":179,"column":4},"end":{"line":184,"column":5}}],"line":179},"74":{"loc":{"start":{"line":182,"column":69},"end":{"line":182,"column":96}},"type":"binary-expr","locations":[{"start":{"line":182,"column":69},"end":{"line":182,"column":90}},{"start":{"line":182,"column":94},"end":{"line":182,"column":96}}],"line":182},"75":{"loc":{"start":{"line":183,"column":76},"end":{"line":183,"column":101}},"type":"binary-expr","locations":[{"start":{"line":183,"column":76},"end":{"line":183,"column":95}},{"start":{"line":183,"column":99},"end":{"line":183,"column":101}}],"line":183},"76":{"loc":{"start":{"line":186,"column":4},"end":{"line":190,"column":5}},"type":"if","locations":[{"start":{"line":186,"column":4},"end":{"line":190,"column":5}},{"start":{"line":186,"column":4},"end":{"line":190,"column":5}}],"line":186},"77":{"loc":{"start":{"line":196,"column":4},"end":{"line":200,"column":5}},"type":"if","locations":[{"start":{"line":196,"column":4},"end":{"line":200,"column":5}},{"start":{"line":196,"column":4},"end":{"line":200,"column":5}}],"line":196},"78":{"loc":{"start":{"line":196,"column":8},"end":{"line":196,"column":111}},"type":"binary-expr","locations":[{"start":{"line":196,"column":8},"end":{"line":196,"column":28}},{"start":{"line":196,"column":32},"end":{"line":196,"column":63}},{"start":{"line":196,"column":67},"end":{"line":196,"column":111}}],"line":196},"79":{"loc":{"start":{"line":201,"column":4},"end":{"line":205,"column":5}},"type":"if","locations":[{"start":{"line":201,"column":4},"end":{"line":205,"column":5}},{"start":{"line":201,"column":4},"end":{"line":205,"column":5}}],"line":201},"80":{"loc":{"start":{"line":201,"column":8},"end":{"line":201,"column":136}},"type":"binary-expr","locations":[{"start":{"line":201,"column":8},"end":{"line":201,"column":21}},{"start":{"line":201,"column":25},"end":{"line":201,"column":49}},{"start":{"line":201,"column":53},"end":{"line":201,"column":90}},{"start":{"line":201,"column":94},"end":{"line":201,"column":136}}],"line":201}},"s":{"0":1,"1":1,"2":1,"3":1,"4":1,"5":0,"6":0,"7":0,"8":0,"9":0,"10":0,"11":0,"12":0,"13":0,"14":0,"15":0,"16":0,"17":0,"18":0,"19":0,"20":0,"21":0,"22":0,"23":0,"24":0,"25":0,"26":0,"27":0,"28":0,"29":0,"30":0,"31":0,"32":0,"33":0,"34":0,"35":0,"36":0,"37":0,"38":0,"39":0,"40":0,"41":0,"42":0,"43":0,"44":0,"45":0,"46":0,"47":0,"48":0,"49":0,"50":0,"51":0,"52":0,"53":0,"54":0,"55":0,"56":0,"57":0,"58":0,"59":0,"60":0,"61":0,"62":0,"63":0,"64":0,"65":0,"66":0,"67":0,"68":0,"69":0,"70":0,"71":0,"72":0,"73":0,"74":0,"75":0,"76":0,"77":0,"78":0,"79":0,"80":0,"81":0,"82":0,"83":0,"84":0,"85":0,"86":0,"87":0,"88":0,"89":0,"90":0,"91":0,"92":0,"93":0,"94":0,"95":0,"96":3,"97":3,"98":2,"99":2,"100":2,"101":2,"102":2,"103":2,"104":2,"105":2,"106":2,"107":1,"108":1,"109":1,"110":0,"111":0,"112":0,"113":0,"114":0,"115":0,"116":0,"117":0,"118":0,"119":0,"120":0,"121":0,"122":0,"123":0,"124":0,"125":0,"126":0,"127":0,"128":0,"129":0,"130":0,"131":0,"132":0,"133":0,"134":0,"135":0,"136":0,"137":0,"138":0,"139":0,"140":0,"141":0,"142":0,"143":0,"144":0,"145":0,"146":0,"147":0,"148":1},"f":{"0":0,"1":3,"2":0},"b":{"0":[0,0],"1":[0,0],"2":[0,0],"3":[0,0],"4":[0,0],"5":[0,0],"6":[0,0],"7":[0,0],"8":[0,0],"9":[0,0],"10":[0,0],"11":[0,0],"12":[0,0],"13":[0,0],"14":[0,0],"15":[0,0],"16":[0,0],"17":[0,0],"18":[0,0],"19":[0,0],"20":[0,0],"21":[0,0],"22":[0,0],"23":[0,0],"24":[0,0],"25":[0,0],"26":[0,0],"27":[0,0],"28":[0,0],"29":[0,0],"30":[0,0],"31":[0,0],"32":[0,0],"33":[0,0],"34":[0,0],"35":[0,0],"36":[0,0],"37":[0,0],"38":[0,0],"39":[0,0],"40":[0,0],"41":[0,0],"42":[0,0],"43":[0,0],"44":[0,0],"45":[0,0],"46":[0,0],"47":[0,0],"48":[0,0],"49":[0,0],"50":[0,0],"51":[0,0],"52":[0,0],"53":[0,0],"54":[0,0],"55":[0,0],"56":[0,0],"57":[0,0],"58":[0,0],"59":[0,0],"60":[0,0],"61":[0,0],"62":[2,2],"63":[2,2],"64":[2,2],"65":[2,1],"66":[2,2],"67":[2,2],"68":[2,2],"69":[2,2],"70":[2,2],"71":[2,1],"72":[0,0],"73":[0,0],"74":[0,0],"75":[0,0],"76":[0,0],"77":[0,0],"78":[0,0,0],"79":[0,0],"80":[0,0,0,0]},"_coverageSchema":"43e27e138ebf9cfc5966b082cf9a028302ed4184","hash":"dfbccce950d1b306b9ca1efb031410ac233b4c66","contentHash":"db2fc760e01efb246fbd8e4efa6eed7ee91fb8b323c1b42f81f374339444ad20"},"C:\\Work\\ck-invoicexml\\api\\services\\credit_note.service.js":{"path":"C:\\Work\\ck-invoicexml\\api\\services\\credit_note.service.js","statementMap":{"0":{"start":{"line":2,"column":21},"end":{"line":2,"column":58}},"1":{"start":{"line":3,"column":19},"end":{"line":3,"column":52}},"2":{"start":{"line":4,"column":15},"end":{"line":4,"column":43}},"3":{"start":{"line":12,"column":10},"end":{"line":123,"column":1}},"4":{"start":{"line":13,"column":10},"end":{"line":13,"column":11}},"5":{"start":{"line":14,"column":12},"end":{"line":14,"column":13}},"6":{"start":{"line":15,"column":14},"end":{"line":15,"column":18}},"7":{"start":{"line":16,"column":18},"end":{"line":16,"column":67}},"8":{"start":{"line":17,"column":30},"end":{"line":17,"column":88}},"9":{"start":{"line":18,"column":27},"end":{"line":18,"column":82}},"10":{"start":{"line":19,"column":34},"end":{"line":19,"column":95}},"11":{"start":{"line":20,"column":34},"end":{"line":20,"column":95}},"12":{"start":{"line":21,"column":35},"end":{"line":21,"column":105}},"13":{"start":{"line":22,"column":25},"end":{"line":22,"column":85}},"14":{"start":{"line":23,"column":19},"end":{"line":23,"column":65}},"15":{"start":{"line":24,"column":29},"end":{"line":24,"column":85}},"16":{"start":{"line":25,"column":25},"end":{"line":25,"column":78}},"17":{"start":{"line":27,"column":2},"end":{"line":27,"column":88}},"18":{"start":{"line":28,"column":2},"end":{"line":28,"column":88}},"19":{"start":{"line":29,"column":2},"end":{"line":29,"column":108}},"20":{"start":{"line":30,"column":2},"end":{"line":30,"column":92}},"21":{"start":{"line":31,"column":2},"end":{"line":31,"column":86}},"22":{"start":{"line":32,"column":2},"end":{"line":32,"column":72}},"23":{"start":{"line":33,"column":2},"end":{"line":33,"column":76}},"24":{"start":{"line":34,"column":2},"end":{"line":34,"column":86}},"25":{"start":{"line":35,"column":2},"end":{"line":35,"column":86}},"26":{"start":{"line":36,"column":2},"end":{"line":36,"column":108}},"27":{"start":{"line":38,"column":2},"end":{"line":38,"column":122}},"28":{"start":{"line":39,"column":2},"end":{"line":39,"column":124}},"29":{"start":{"line":41,"column":4},"end":{"line":41,"column":110}},"30":{"start":{"line":42,"column":4},"end":{"line":42,"column":114}},"31":{"start":{"line":44,"column":2},"end":{"line":44,"column":130}},"32":{"start":{"line":45,"column":2},"end":{"line":45,"column":148}},"33":{"start":{"line":46,"column":2},"end":{"line":46,"column":106}},"34":{"start":{"line":47,"column":2},"end":{"line":47,"column":110}},"35":{"start":{"line":48,"column":2},"end":{"line":48,"column":122}},"36":{"start":{"line":49,"column":2},"end":{"line":49,"column":136}},"37":{"start":{"line":50,"column":2},"end":{"line":50,"column":118}},"38":{"start":{"line":51,"column":2},"end":{"line":51,"column":110}},"39":{"start":{"line":52,"column":2},"end":{"line":52,"column":138}},"40":{"start":{"line":53,"column":2},"end":{"line":53,"column":126}},"41":{"start":{"line":54,"column":2},"end":{"line":54,"column":134}},"42":{"start":{"line":56,"column":2},"end":{"line":56,"column":130}},"43":{"start":{"line":57,"column":2},"end":{"line":57,"column":148}},"44":{"start":{"line":58,"column":2},"end":{"line":58,"column":106}},"45":{"start":{"line":59,"column":2},"end":{"line":59,"column":110}},"46":{"start":{"line":60,"column":2},"end":{"line":60,"column":122}},"47":{"start":{"line":61,"column":2},"end":{"line":61,"column":136}},"48":{"start":{"line":62,"column":2},"end":{"line":62,"column":118}},"49":{"start":{"line":63,"column":2},"end":{"line":63,"column":110}},"50":{"start":{"line":64,"column":2},"end":{"line":64,"column":138}},"51":{"start":{"line":65,"column":2},"end":{"line":65,"column":126}},"52":{"start":{"line":67,"column":2},"end":{"line":75,"column":3}},"53":{"start":{"line":68,"column":4},"end":{"line":68,"column":137}},"54":{"start":{"line":69,"column":4},"end":{"line":69,"column":56}},"55":{"start":{"line":70,"column":9},"end":{"line":75,"column":3}},"56":{"start":{"line":71,"column":4},"end":{"line":71,"column":120}},"57":{"start":{"line":72,"column":4},"end":{"line":72,"column":121}},"58":{"start":{"line":73,"column":4},"end":{"line":73,"column":121}},"59":{"start":{"line":74,"column":4},"end":{"line":74,"column":66}},"60":{"start":{"line":77,"column":2},"end":{"line":77,"column":8}},"61":{"start":{"line":78,"column":2},"end":{"line":78,"column":29}},"62":{"start":{"line":80,"column":2},"end":{"line":92,"column":3}},"63":{"start":{"line":81,"column":4},"end":{"line":91,"column":5}},"64":{"start":{"line":82,"column":6},"end":{"line":82,"column":39}},"65":{"start":{"line":83,"column":6},"end":{"line":83,"column":100}},"66":{"start":{"line":84,"column":6},"end":{"line":84,"column":122}},"67":{"start":{"line":85,"column":6},"end":{"line":85,"column":108}},"68":{"start":{"line":86,"column":6},"end":{"line":86,"column":100}},"69":{"start":{"line":87,"column":6},"end":{"line":87,"column":96}},"70":{"start":{"line":88,"column":6},"end":{"line":88,"column":89}},"71":{"start":{"line":90,"column":6},"end":{"line":90,"column":54}},"72":{"start":{"line":94,"column":2},"end":{"line":94,"column":15}},"73":{"start":{"line":95,"column":2},"end":{"line":95,"column":32}},"74":{"start":{"line":97,"column":2},"end":{"line":97,"column":117}},"75":{"start":{"line":98,"column":2},"end":{"line":98,"column":115}},"76":{"start":{"line":99,"column":2},"end":{"line":99,"column":119}},"77":{"start":{"line":100,"column":2},"end":{"line":100,"column":113}},"78":{"start":{"line":101,"column":2},"end":{"line":101,"column":105}},"79":{"start":{"line":103,"column":2},"end":{"line":103,"column":8}},"80":{"start":{"line":104,"column":2},"end":{"line":104,"column":32}},"81":{"start":{"line":106,"column":2},"end":{"line":119,"column":3}},"82":{"start":{"line":107,"column":4},"end":{"line":118,"column":5}},"83":{"start":{"line":108,"column":6},"end":{"line":108,"column":45}},"84":{"start":{"line":109,"column":6},"end":{"line":109,"column":100}},"85":{"start":{"line":110,"column":6},"end":{"line":110,"column":104}},"86":{"start":{"line":111,"column":6},"end":{"line":111,"column":117}},"87":{"start":{"line":112,"column":6},"end":{"line":112,"column":123}},"88":{"start":{"line":113,"column":6},"end":{"line":113,"column":121}},"89":{"start":{"line":114,"column":6},"end":{"line":114,"column":111}},"90":{"start":{"line":115,"column":6},"end":{"line":115,"column":107}},"91":{"start":{"line":117,"column":6},"end":{"line":117,"column":33}},"92":{"start":{"line":121,"column":2},"end":{"line":121,"column":15}},"93":{"start":{"line":122,"column":2},"end":{"line":122,"column":38}},"94":{"start":{"line":131,"column":2},"end":{"line":147,"column":3}},"95":{"start":{"line":132,"column":4},"end":{"line":132,"column":85}},"96":{"start":{"line":133,"column":4},"end":{"line":133,"column":97}},"97":{"start":{"line":134,"column":4},"end":{"line":134,"column":103}},"98":{"start":{"line":135,"column":4},"end":{"line":135,"column":91}},"99":{"start":{"line":136,"column":4},"end":{"line":136,"column":109}},"100":{"start":{"line":137,"column":4},"end":{"line":137,"column":91}},"101":{"start":{"line":138,"column":4},"end":{"line":138,"column":91}},"102":{"start":{"line":139,"column":4},"end":{"line":139,"column":106}},"103":{"start":{"line":140,"column":4},"end":{"line":140,"column":113}},"104":{"start":{"line":141,"column":4},"end":{"line":141,"column":105}},"105":{"start":{"line":142,"column":4},"end":{"line":142,"column":77}},"106":{"start":{"line":145,"column":4},"end":{"line":145,"column":80}},"107":{"start":{"line":146,"column":4},"end":{"line":146,"column":16}},"108":{"start":{"line":156,"column":2},"end":{"line":164,"column":3}},"109":{"start":{"line":157,"column":24},"end":{"line":157,"column":85}},"110":{"start":{"line":158,"column":4},"end":{"line":158,"column":116}},"111":{"start":{"line":159,"column":4},"end":{"line":159,"column":118}},"112":{"start":{"line":160,"column":4},"end":{"line":160,"column":116}},"113":{"start":{"line":162,"column":4},"end":{"line":162,"column":82}},"114":{"start":{"line":163,"column":4},"end":{"line":163,"column":16}},"115":{"start":{"line":173,"column":2},"end":{"line":186,"column":3}},"116":{"start":{"line":175,"column":4},"end":{"line":181,"column":5}},"117":{"start":{"line":176,"column":6},"end":{"line":176,"column":38}},"118":{"start":{"line":177,"column":11},"end":{"line":181,"column":5}},"119":{"start":{"line":178,"column":6},"end":{"line":178,"column":38}},"120":{"start":{"line":179,"column":11},"end":{"line":181,"column":5}},"121":{"start":{"line":180,"column":6},"end":{"line":180,"column":38}},"122":{"start":{"line":182,"column":4},"end":{"line":182,"column":22}},"123":{"start":{"line":184,"column":4},"end":{"line":184,"column":82}},"124":{"start":{"line":185,"column":4},"end":{"line":185,"column":16}},"125":{"start":{"line":190,"column":2},"end":{"line":203,"column":3}},"126":{"start":{"line":191,"column":23},"end":{"line":191,"column":77}},"127":{"start":{"line":192,"column":29},"end":{"line":192,"column":95}},"128":{"start":{"line":194,"column":4},"end":{"line":194,"column":110}},"129":{"start":{"line":196,"column":4},"end":{"line":196,"column":114}},"130":{"start":{"line":197,"column":4},"end":{"line":197,"column":96}},"131":{"start":{"line":199,"column":4},"end":{"line":199,"column":114}},"132":{"start":{"line":201,"column":4},"end":{"line":201,"column":87}},"133":{"start":{"line":202,"column":4},"end":{"line":202,"column":16}},"134":{"start":{"line":211,"column":14},"end":{"line":269,"column":1}},"135":{"start":{"line":212,"column":2},"end":{"line":268,"column":3}},"136":{"start":{"line":213,"column":23},"end":{"line":213,"column":69}},"137":{"start":{"line":214,"column":20},"end":{"line":214,"column":85}},"138":{"start":{"line":215,"column":27},"end":{"line":215,"column":83}},"139":{"start":{"line":216,"column":36},"end":{"line":216,"column":101}},"140":{"start":{"line":217,"column":20},"end":{"line":217,"column":74}},"141":{"start":{"line":218,"column":23},"end":{"line":218,"column":80}},"142":{"start":{"line":219,"column":21},"end":{"line":219,"column":71}},"143":{"start":{"line":220,"column":31},"end":{"line":220,"column":89}},"144":{"start":{"line":221,"column":24},"end":{"line":221,"column":91}},"145":{"start":{"line":222,"column":29},"end":{"line":222,"column":87}},"146":{"start":{"line":224,"column":4},"end":{"line":224,"column":55}},"147":{"start":{"line":225,"column":4},"end":{"line":225,"column":54}},"148":{"start":{"line":226,"column":4},"end":{"line":226,"column":35}},"149":{"start":{"line":227,"column":4},"end":{"line":227,"column":37}},"150":{"start":{"line":229,"column":4},"end":{"line":233,"column":5}},"151":{"start":{"line":230,"column":6},"end":{"line":230,"column":44}},"152":{"start":{"line":232,"column":6},"end":{"line":232,"column":47}},"153":{"start":{"line":235,"column":4},"end":{"line":240,"column":5}},"154":{"start":{"line":236,"column":6},"end":{"line":236,"column":45}},"155":{"start":{"line":238,"column":6},"end":{"line":238,"column":97}},"156":{"start":{"line":239,"column":6},"end":{"line":239,"column":102}},"157":{"start":{"line":241,"column":4},"end":{"line":241,"column":47}},"158":{"start":{"line":242,"column":4},"end":{"line":242,"column":69}},"159":{"start":{"line":243,"column":4},"end":{"line":243,"column":48}},"160":{"start":{"line":245,"column":4},"end":{"line":249,"column":5}},"161":{"start":{"line":246,"column":6},"end":{"line":246,"column":115}},"162":{"start":{"line":248,"column":6},"end":{"line":248,"column":41}},"163":{"start":{"line":250,"column":4},"end":{"line":254,"column":5}},"164":{"start":{"line":251,"column":6},"end":{"line":251,"column":131}},"165":{"start":{"line":253,"column":6},"end":{"line":253,"column":39}},"166":{"start":{"line":256,"column":4},"end":{"line":260,"column":5}},"167":{"start":{"line":257,"column":6},"end":{"line":257,"column":53}},"168":{"start":{"line":259,"column":6},"end":{"line":259,"column":42}},"169":{"start":{"line":262,"column":4},"end":{"line":262,"column":60}},"170":{"start":{"line":263,"column":4},"end":{"line":263,"column":80}},"171":{"start":{"line":266,"column":4},"end":{"line":266,"column":73}},"172":{"start":{"line":267,"column":4},"end":{"line":267,"column":16}},"173":{"start":{"line":271,"column":0},"end":{"line":278,"column":2}}},"fnMap":{"0":{"name":"(anonymous_0)","decl":{"start":{"line":12,"column":10},"end":{"line":12,"column":11}},"loc":{"start":{"line":12,"column":30},"end":{"line":123,"column":1}},"line":12},"1":{"name":"setXMLHeader","decl":{"start":{"line":130,"column":9},"end":{"line":130,"column":21}},"loc":{"start":{"line":130,"column":40},"end":{"line":148,"column":1}},"line":130},"2":{"name":"setDiscrepancy","decl":{"start":{"line":155,"column":9},"end":{"line":155,"column":23}},"loc":{"start":{"line":155,"column":42},"end":{"line":165,"column":1}},"line":155},"3":{"name":"setRigthParams","decl":{"start":{"line":172,"column":9},"end":{"line":172,"column":23}},"loc":{"start":{"line":172,"column":36},"end":{"line":187,"column":1}},"line":172},"4":{"name":"setBillingReference","decl":{"start":{"line":189,"column":9},"end":{"line":189,"column":28}},"loc":{"start":{"line":189,"column":47},"end":{"line":204,"column":1}},"line":189},"5":{"name":"(anonymous_5)","decl":{"start":{"line":211,"column":14},"end":{"line":211,"column":15}},"loc":{"start":{"line":211,"column":34},"end":{"line":269,"column":1}},"line":211}},"branchMap":{"0":{"loc":{"start":{"line":27,"column":66},"end":{"line":27,"column":87}},"type":"binary-expr","locations":[{"start":{"line":27,"column":66},"end":{"line":27,"column":81}},{"start":{"line":27,"column":85},"end":{"line":27,"column":87}}],"line":27},"1":{"loc":{"start":{"line":28,"column":66},"end":{"line":28,"column":87}},"type":"binary-expr","locations":[{"start":{"line":28,"column":66},"end":{"line":28,"column":81}},{"start":{"line":28,"column":85},"end":{"line":28,"column":87}}],"line":28},"2":{"loc":{"start":{"line":29,"column":76},"end":{"line":29,"column":107}},"type":"binary-expr","locations":[{"start":{"line":29,"column":76},"end":{"line":29,"column":101}},{"start":{"line":29,"column":105},"end":{"line":29,"column":107}}],"line":29},"3":{"loc":{"start":{"line":30,"column":68},"end":{"line":30,"column":91}},"type":"binary-expr","locations":[{"start":{"line":30,"column":68},"end":{"line":30,"column":85}},{"start":{"line":30,"column":89},"end":{"line":30,"column":91}}],"line":30},"4":{"loc":{"start":{"line":31,"column":65},"end":{"line":31,"column":85}},"type":"binary-expr","locations":[{"start":{"line":31,"column":65},"end":{"line":31,"column":79}},{"start":{"line":31,"column":83},"end":{"line":31,"column":85}}],"line":31},"5":{"loc":{"start":{"line":32,"column":58},"end":{"line":32,"column":71}},"type":"binary-expr","locations":[{"start":{"line":32,"column":58},"end":{"line":32,"column":65}},{"start":{"line":32,"column":69},"end":{"line":32,"column":71}}],"line":32},"6":{"loc":{"start":{"line":33,"column":60},"end":{"line":33,"column":75}},"type":"binary-expr","locations":[{"start":{"line":33,"column":60},"end":{"line":33,"column":69}},{"start":{"line":33,"column":73},"end":{"line":33,"column":75}}],"line":33},"7":{"loc":{"start":{"line":34,"column":65},"end":{"line":34,"column":85}},"type":"binary-expr","locations":[{"start":{"line":34,"column":65},"end":{"line":34,"column":79}},{"start":{"line":34,"column":83},"end":{"line":34,"column":85}}],"line":34},"8":{"loc":{"start":{"line":35,"column":65},"end":{"line":35,"column":85}},"type":"binary-expr","locations":[{"start":{"line":35,"column":65},"end":{"line":35,"column":79}},{"start":{"line":35,"column":83},"end":{"line":35,"column":85}}],"line":35},"9":{"loc":{"start":{"line":36,"column":76},"end":{"line":36,"column":107}},"type":"binary-expr","locations":[{"start":{"line":36,"column":76},"end":{"line":36,"column":101}},{"start":{"line":36,"column":105},"end":{"line":36,"column":107}}],"line":36},"10":{"loc":{"start":{"line":38,"column":79},"end":{"line":38,"column":121}},"type":"binary-expr","locations":[{"start":{"line":38,"column":79},"end":{"line":38,"column":115}},{"start":{"line":38,"column":119},"end":{"line":38,"column":121}}],"line":38},"11":{"loc":{"start":{"line":39,"column":80},"end":{"line":39,"column":123}},"type":"binary-expr","locations":[{"start":{"line":39,"column":80},"end":{"line":39,"column":117}},{"start":{"line":39,"column":121},"end":{"line":39,"column":123}}],"line":39},"12":{"loc":{"start":{"line":41,"column":69},"end":{"line":41,"column":109}},"type":"binary-expr","locations":[{"start":{"line":41,"column":69},"end":{"line":41,"column":103}},{"start":{"line":41,"column":107},"end":{"line":41,"column":109}}],"line":41},"13":{"loc":{"start":{"line":42,"column":71},"end":{"line":42,"column":113}},"type":"binary-expr","locations":[{"start":{"line":42,"column":71},"end":{"line":42,"column":107}},{"start":{"line":42,"column":111},"end":{"line":42,"column":113}}],"line":42},"14":{"loc":{"start":{"line":44,"column":91},"end":{"line":44,"column":129}},"type":"binary-expr","locations":[{"start":{"line":44,"column":91},"end":{"line":44,"column":123}},{"start":{"line":44,"column":127},"end":{"line":44,"column":129}}],"line":44},"15":{"loc":{"start":{"line":45,"column":110},"end":{"line":45,"column":147}},"type":"binary-expr","locations":[{"start":{"line":45,"column":110},"end":{"line":45,"column":141}},{"start":{"line":45,"column":145},"end":{"line":45,"column":147}}],"line":45},"16":{"loc":{"start":{"line":46,"column":74},"end":{"line":46,"column":105}},"type":"binary-expr","locations":[{"start":{"line":46,"column":74},"end":{"line":46,"column":99}},{"start":{"line":46,"column":103},"end":{"line":46,"column":105}}],"line":46},"17":{"loc":{"start":{"line":47,"column":76},"end":{"line":47,"column":109}},"type":"binary-expr","locations":[{"start":{"line":47,"column":76},"end":{"line":47,"column":103}},{"start":{"line":47,"column":107},"end":{"line":47,"column":109}}],"line":47},"18":{"loc":{"start":{"line":48,"column":82},"end":{"line":48,"column":121}},"type":"binary-expr","locations":[{"start":{"line":48,"column":82},"end":{"line":48,"column":115}},{"start":{"line":48,"column":119},"end":{"line":48,"column":121}}],"line":48},"19":{"loc":{"start":{"line":49,"column":91},"end":{"line":49,"column":135}},"type":"binary-expr","locations":[{"start":{"line":49,"column":91},"end":{"line":49,"column":129}},{"start":{"line":49,"column":133},"end":{"line":49,"column":135}}],"line":49},"20":{"loc":{"start":{"line":50,"column":80},"end":{"line":50,"column":117}},"type":"binary-expr","locations":[{"start":{"line":50,"column":80},"end":{"line":50,"column":111}},{"start":{"line":50,"column":115},"end":{"line":50,"column":117}}],"line":50},"21":{"loc":{"start":{"line":51,"column":76},"end":{"line":51,"column":109}},"type":"binary-expr","locations":[{"start":{"line":51,"column":76},"end":{"line":51,"column":103}},{"start":{"line":51,"column":107},"end":{"line":51,"column":109}}],"line":51},"22":{"loc":{"start":{"line":52,"column":90},"end":{"line":52,"column":137}},"type":"binary-expr","locations":[{"start":{"line":52,"column":90},"end":{"line":52,"column":131}},{"start":{"line":52,"column":135},"end":{"line":52,"column":137}}],"line":52},"23":{"loc":{"start":{"line":53,"column":84},"end":{"line":53,"column":125}},"type":"binary-expr","locations":[{"start":{"line":53,"column":84},"end":{"line":53,"column":119}},{"start":{"line":53,"column":123},"end":{"line":53,"column":125}}],"line":53},"24":{"loc":{"start":{"line":54,"column":88},"end":{"line":54,"column":133}},"type":"binary-expr","locations":[{"start":{"line":54,"column":88},"end":{"line":54,"column":127}},{"start":{"line":54,"column":131},"end":{"line":54,"column":133}}],"line":54},"25":{"loc":{"start":{"line":56,"column":91},"end":{"line":56,"column":129}},"type":"binary-expr","locations":[{"start":{"line":56,"column":91},"end":{"line":56,"column":123}},{"start":{"line":56,"column":127},"end":{"line":56,"column":129}}],"line":56},"26":{"loc":{"start":{"line":57,"column":110},"end":{"line":57,"column":147}},"type":"binary-expr","locations":[{"start":{"line":57,"column":110},"end":{"line":57,"column":141}},{"start":{"line":57,"column":145},"end":{"line":57,"column":147}}],"line":57},"27":{"loc":{"start":{"line":58,"column":74},"end":{"line":58,"column":105}},"type":"binary-expr","locations":[{"start":{"line":58,"column":74},"end":{"line":58,"column":99}},{"start":{"line":58,"column":103},"end":{"line":58,"column":105}}],"line":58},"28":{"loc":{"start":{"line":59,"column":76},"end":{"line":59,"column":109}},"type":"binary-expr","locations":[{"start":{"line":59,"column":76},"end":{"line":59,"column":103}},{"start":{"line":59,"column":107},"end":{"line":59,"column":109}}],"line":59},"29":{"loc":{"start":{"line":60,"column":82},"end":{"line":60,"column":121}},"type":"binary-expr","locations":[{"start":{"line":60,"column":82},"end":{"line":60,"column":115}},{"start":{"line":60,"column":119},"end":{"line":60,"column":121}}],"line":60},"30":{"loc":{"start":{"line":61,"column":91},"end":{"line":61,"column":135}},"type":"binary-expr","locations":[{"start":{"line":61,"column":91},"end":{"line":61,"column":129}},{"start":{"line":61,"column":133},"end":{"line":61,"column":135}}],"line":61},"31":{"loc":{"start":{"line":62,"column":80},"end":{"line":62,"column":117}},"type":"binary-expr","locations":[{"start":{"line":62,"column":80},"end":{"line":62,"column":111}},{"start":{"line":62,"column":115},"end":{"line":62,"column":117}}],"line":62},"32":{"loc":{"start":{"line":63,"column":76},"end":{"line":63,"column":109}},"type":"binary-expr","locations":[{"start":{"line":63,"column":76},"end":{"line":63,"column":103}},{"start":{"line":63,"column":107},"end":{"line":63,"column":109}}],"line":63},"33":{"loc":{"start":{"line":64,"column":90},"end":{"line":64,"column":137}},"type":"binary-expr","locations":[{"start":{"line":64,"column":90},"end":{"line":64,"column":131}},{"start":{"line":64,"column":135},"end":{"line":64,"column":137}}],"line":64},"34":{"loc":{"start":{"line":65,"column":84},"end":{"line":65,"column":125}},"type":"binary-expr","locations":[{"start":{"line":65,"column":84},"end":{"line":65,"column":119}},{"start":{"line":65,"column":123},"end":{"line":65,"column":125}}],"line":65},"35":{"loc":{"start":{"line":67,"column":2},"end":{"line":75,"column":3}},"type":"if","locations":[{"start":{"line":67,"column":2},"end":{"line":75,"column":3}},{"start":{"line":67,"column":2},"end":{"line":75,"column":3}}],"line":67},"36":{"loc":{"start":{"line":68,"column":91},"end":{"line":68,"column":136}},"type":"binary-expr","locations":[{"start":{"line":68,"column":91},"end":{"line":68,"column":130}},{"start":{"line":68,"column":134},"end":{"line":68,"column":136}}],"line":68},"37":{"loc":{"start":{"line":70,"column":9},"end":{"line":75,"column":3}},"type":"if","locations":[{"start":{"line":70,"column":9},"end":{"line":75,"column":3}},{"start":{"line":70,"column":9},"end":{"line":75,"column":3}}],"line":70},"38":{"loc":{"start":{"line":71,"column":74},"end":{"line":71,"column":119}},"type":"binary-expr","locations":[{"start":{"line":71,"column":74},"end":{"line":71,"column":113}},{"start":{"line":71,"column":117},"end":{"line":71,"column":119}}],"line":71},"39":{"loc":{"start":{"line":72,"column":75},"end":{"line":72,"column":120}},"type":"binary-expr","locations":[{"start":{"line":72,"column":75},"end":{"line":72,"column":114}},{"start":{"line":72,"column":118},"end":{"line":72,"column":120}}],"line":72},"40":{"loc":{"start":{"line":73,"column":75},"end":{"line":73,"column":120}},"type":"binary-expr","locations":[{"start":{"line":73,"column":75},"end":{"line":73,"column":114}},{"start":{"line":73,"column":118},"end":{"line":73,"column":120}}],"line":73},"41":{"loc":{"start":{"line":81,"column":4},"end":{"line":91,"column":5}},"type":"if","locations":[{"start":{"line":81,"column":4},"end":{"line":91,"column":5}},{"start":{"line":81,"column":4},"end":{"line":91,"column":5}}],"line":81},"42":{"loc":{"start":{"line":83,"column":67},"end":{"line":83,"column":99}},"type":"binary-expr","locations":[{"start":{"line":83,"column":67},"end":{"line":83,"column":93}},{"start":{"line":83,"column":97},"end":{"line":83,"column":99}}],"line":83},"43":{"loc":{"start":{"line":84,"column":78},"end":{"line":84,"column":121}},"type":"binary-expr","locations":[{"start":{"line":84,"column":78},"end":{"line":84,"column":115}},{"start":{"line":84,"column":119},"end":{"line":84,"column":121}}],"line":84},"44":{"loc":{"start":{"line":85,"column":71},"end":{"line":85,"column":107}},"type":"binary-expr","locations":[{"start":{"line":85,"column":71},"end":{"line":85,"column":101}},{"start":{"line":85,"column":105},"end":{"line":85,"column":107}}],"line":85},"45":{"loc":{"start":{"line":86,"column":67},"end":{"line":86,"column":99}},"type":"binary-expr","locations":[{"start":{"line":86,"column":67},"end":{"line":86,"column":93}},{"start":{"line":86,"column":97},"end":{"line":86,"column":99}}],"line":86},"46":{"loc":{"start":{"line":87,"column":65},"end":{"line":87,"column":95}},"type":"binary-expr","locations":[{"start":{"line":87,"column":65},"end":{"line":87,"column":89}},{"start":{"line":87,"column":93},"end":{"line":87,"column":95}}],"line":87},"47":{"loc":{"start":{"line":88,"column":60},"end":{"line":88,"column":88}},"type":"binary-expr","locations":[{"start":{"line":88,"column":60},"end":{"line":88,"column":82}},{"start":{"line":88,"column":86},"end":{"line":88,"column":88}}],"line":88},"48":{"loc":{"start":{"line":97,"column":86},"end":{"line":97,"column":116}},"type":"binary-expr","locations":[{"start":{"line":97,"column":86},"end":{"line":97,"column":110}},{"start":{"line":97,"column":114},"end":{"line":97,"column":116}}],"line":97},"49":{"loc":{"start":{"line":98,"column":85},"end":{"line":98,"column":114}},"type":"binary-expr","locations":[{"start":{"line":98,"column":85},"end":{"line":98,"column":108}},{"start":{"line":98,"column":112},"end":{"line":98,"column":114}}],"line":98},"50":{"loc":{"start":{"line":99,"column":87},"end":{"line":99,"column":118}},"type":"binary-expr","locations":[{"start":{"line":99,"column":87},"end":{"line":99,"column":112}},{"start":{"line":99,"column":116},"end":{"line":99,"column":118}}],"line":99},"51":{"loc":{"start":{"line":100,"column":84},"end":{"line":100,"column":112}},"type":"binary-expr","locations":[{"start":{"line":100,"column":84},"end":{"line":100,"column":106}},{"start":{"line":100,"column":110},"end":{"line":100,"column":112}}],"line":100},"52":{"loc":{"start":{"line":101,"column":80},"end":{"line":101,"column":104}},"type":"binary-expr","locations":[{"start":{"line":101,"column":80},"end":{"line":101,"column":98}},{"start":{"line":101,"column":102},"end":{"line":101,"column":104}}],"line":101},"53":{"loc":{"start":{"line":107,"column":4},"end":{"line":118,"column":5}},"type":"if","locations":[{"start":{"line":107,"column":4},"end":{"line":118,"column":5}},{"start":{"line":107,"column":4},"end":{"line":118,"column":5}}],"line":107},"54":{"loc":{"start":{"line":109,"column":60},"end":{"line":109,"column":99}},"type":"binary-expr","locations":[{"start":{"line":109,"column":60},"end":{"line":109,"column":93}},{"start":{"line":109,"column":97},"end":{"line":109,"column":99}}],"line":109},"55":{"loc":{"start":{"line":110,"column":62},"end":{"line":110,"column":103}},"type":"binary-expr","locations":[{"start":{"line":110,"column":62},"end":{"line":110,"column":97}},{"start":{"line":110,"column":101},"end":{"line":110,"column":103}}],"line":110},"56":{"loc":{"start":{"line":111,"column":74},"end":{"line":111,"column":116}},"type":"binary-expr","locations":[{"start":{"line":111,"column":74},"end":{"line":111,"column":110}},{"start":{"line":111,"column":114},"end":{"line":111,"column":116}}],"line":111},"57":{"loc":{"start":{"line":112,"column":77},"end":{"line":112,"column":122}},"type":"binary-expr","locations":[{"start":{"line":112,"column":77},"end":{"line":112,"column":116}},{"start":{"line":112,"column":120},"end":{"line":112,"column":122}}],"line":112},"58":{"loc":{"start":{"line":113,"column":76},"end":{"line":113,"column":120}},"type":"binary-expr","locations":[{"start":{"line":113,"column":76},"end":{"line":113,"column":114}},{"start":{"line":113,"column":118},"end":{"line":113,"column":120}}],"line":113},"59":{"loc":{"start":{"line":114,"column":69},"end":{"line":114,"column":110}},"type":"binary-expr","locations":[{"start":{"line":114,"column":69},"end":{"line":114,"column":104}},{"start":{"line":114,"column":108},"end":{"line":114,"column":110}}],"line":114},"60":{"loc":{"start":{"line":115,"column":69},"end":{"line":115,"column":106}},"type":"binary-expr","locations":[{"start":{"line":115,"column":69},"end":{"line":115,"column":100}},{"start":{"line":115,"column":104},"end":{"line":115,"column":106}}],"line":115},"61":{"loc":{"start":{"line":132,"column":67},"end":{"line":132,"column":84}},"type":"binary-expr","locations":[{"start":{"line":132,"column":67},"end":{"line":132,"column":78}},{"start":{"line":132,"column":82},"end":{"line":132,"column":84}}],"line":132},"62":{"loc":{"start":{"line":133,"column":73},"end":{"line":133,"column":96}},"type":"binary-expr","locations":[{"start":{"line":133,"column":73},"end":{"line":133,"column":90}},{"start":{"line":133,"column":94},"end":{"line":133,"column":96}}],"line":133},"63":{"loc":{"start":{"line":134,"column":76},"end":{"line":134,"column":102}},"type":"binary-expr","locations":[{"start":{"line":134,"column":76},"end":{"line":134,"column":96}},{"start":{"line":134,"column":100},"end":{"line":134,"column":102}}],"line":134},"64":{"loc":{"start":{"line":135,"column":70},"end":{"line":135,"column":90}},"type":"binary-expr","locations":[{"start":{"line":135,"column":70},"end":{"line":135,"column":84}},{"start":{"line":135,"column":88},"end":{"line":135,"column":90}}],"line":135},"65":{"loc":{"start":{"line":136,"column":79},"end":{"line":136,"column":108}},"type":"binary-expr","locations":[{"start":{"line":136,"column":79},"end":{"line":136,"column":102}},{"start":{"line":136,"column":106},"end":{"line":136,"column":108}}],"line":136},"66":{"loc":{"start":{"line":137,"column":70},"end":{"line":137,"column":90}},"type":"binary-expr","locations":[{"start":{"line":137,"column":70},"end":{"line":137,"column":84}},{"start":{"line":137,"column":88},"end":{"line":137,"column":90}}],"line":137},"67":{"loc":{"start":{"line":138,"column":70},"end":{"line":138,"column":90}},"type":"binary-expr","locations":[{"start":{"line":138,"column":70},"end":{"line":138,"column":84}},{"start":{"line":138,"column":88},"end":{"line":138,"column":90}}],"line":138},"68":{"loc":{"start":{"line":139,"column":79},"end":{"line":139,"column":105}},"type":"binary-expr","locations":[{"start":{"line":139,"column":79},"end":{"line":139,"column":99}},{"start":{"line":139,"column":103},"end":{"line":139,"column":105}}],"line":139},"69":{"loc":{"start":{"line":140,"column":81},"end":{"line":140,"column":112}},"type":"binary-expr","locations":[{"start":{"line":140,"column":81},"end":{"line":140,"column":106}},{"start":{"line":140,"column":110},"end":{"line":140,"column":112}}],"line":140},"70":{"loc":{"start":{"line":141,"column":77},"end":{"line":141,"column":104}},"type":"binary-expr","locations":[{"start":{"line":141,"column":77},"end":{"line":141,"column":98}},{"start":{"line":141,"column":102},"end":{"line":141,"column":104}}],"line":141},"71":{"loc":{"start":{"line":142,"column":63},"end":{"line":142,"column":76}},"type":"binary-expr","locations":[{"start":{"line":142,"column":63},"end":{"line":142,"column":70}},{"start":{"line":142,"column":74},"end":{"line":142,"column":76}}],"line":142},"72":{"loc":{"start":{"line":158,"column":73},"end":{"line":158,"column":115}},"type":"binary-expr","locations":[{"start":{"line":158,"column":73},"end":{"line":158,"column":109}},{"start":{"line":158,"column":113},"end":{"line":158,"column":115}}],"line":158},"73":{"loc":{"start":{"line":159,"column":74},"end":{"line":159,"column":117}},"type":"binary-expr","locations":[{"start":{"line":159,"column":74},"end":{"line":159,"column":111}},{"start":{"line":159,"column":115},"end":{"line":159,"column":117}}],"line":159},"74":{"loc":{"start":{"line":160,"column":73},"end":{"line":160,"column":115}},"type":"binary-expr","locations":[{"start":{"line":160,"column":73},"end":{"line":160,"column":109}},{"start":{"line":160,"column":113},"end":{"line":160,"column":115}}],"line":160},"75":{"loc":{"start":{"line":175,"column":4},"end":{"line":181,"column":5}},"type":"if","locations":[{"start":{"line":175,"column":4},"end":{"line":181,"column":5}},{"start":{"line":175,"column":4},"end":{"line":181,"column":5}}],"line":175},"76":{"loc":{"start":{"line":177,"column":11},"end":{"line":181,"column":5}},"type":"if","locations":[{"start":{"line":177,"column":11},"end":{"line":181,"column":5}},{"start":{"line":177,"column":11},"end":{"line":181,"column":5}}],"line":177},"77":{"loc":{"start":{"line":179,"column":11},"end":{"line":181,"column":5}},"type":"if","locations":[{"start":{"line":179,"column":11},"end":{"line":181,"column":5}},{"start":{"line":179,"column":11},"end":{"line":181,"column":5}}],"line":179},"78":{"loc":{"start":{"line":194,"column":69},"end":{"line":194,"column":109}},"type":"binary-expr","locations":[{"start":{"line":194,"column":69},"end":{"line":194,"column":103}},{"start":{"line":194,"column":107},"end":{"line":194,"column":109}}],"line":194},"79":{"loc":{"start":{"line":196,"column":71},"end":{"line":196,"column":113}},"type":"binary-expr","locations":[{"start":{"line":196,"column":71},"end":{"line":196,"column":107}},{"start":{"line":196,"column":111},"end":{"line":196,"column":113}}],"line":196},"80":{"loc":{"start":{"line":199,"column":76},"end":{"line":199,"column":113}},"type":"binary-expr","locations":[{"start":{"line":199,"column":76},"end":{"line":199,"column":107}},{"start":{"line":199,"column":111},"end":{"line":199,"column":113}}],"line":199},"81":{"loc":{"start":{"line":229,"column":4},"end":{"line":233,"column":5}},"type":"if","locations":[{"start":{"line":229,"column":4},"end":{"line":233,"column":5}},{"start":{"line":229,"column":4},"end":{"line":233,"column":5}}],"line":229},"82":{"loc":{"start":{"line":235,"column":4},"end":{"line":240,"column":5}},"type":"if","locations":[{"start":{"line":235,"column":4},"end":{"line":240,"column":5}},{"start":{"line":235,"column":4},"end":{"line":240,"column":5}}],"line":235},"83":{"loc":{"start":{"line":238,"column":69},"end":{"line":238,"column":96}},"type":"binary-expr","locations":[{"start":{"line":238,"column":69},"end":{"line":238,"column":90}},{"start":{"line":238,"column":94},"end":{"line":238,"column":96}}],"line":238},"84":{"loc":{"start":{"line":239,"column":76},"end":{"line":239,"column":101}},"type":"binary-expr","locations":[{"start":{"line":239,"column":76},"end":{"line":239,"column":95}},{"start":{"line":239,"column":99},"end":{"line":239,"column":101}}],"line":239},"85":{"loc":{"start":{"line":245,"column":4},"end":{"line":249,"column":5}},"type":"if","locations":[{"start":{"line":245,"column":4},"end":{"line":249,"column":5}},{"start":{"line":245,"column":4},"end":{"line":249,"column":5}}],"line":245},"86":{"loc":{"start":{"line":245,"column":8},"end":{"line":245,"column":111}},"type":"binary-expr","locations":[{"start":{"line":245,"column":8},"end":{"line":245,"column":28}},{"start":{"line":245,"column":32},"end":{"line":245,"column":63}},{"start":{"line":245,"column":67},"end":{"line":245,"column":111}}],"line":245},"87":{"loc":{"start":{"line":250,"column":4},"end":{"line":254,"column":5}},"type":"if","locations":[{"start":{"line":250,"column":4},"end":{"line":254,"column":5}},{"start":{"line":250,"column":4},"end":{"line":254,"column":5}}],"line":250},"88":{"loc":{"start":{"line":250,"column":8},"end":{"line":250,"column":136}},"type":"binary-expr","locations":[{"start":{"line":250,"column":8},"end":{"line":250,"column":21}},{"start":{"line":250,"column":25},"end":{"line":250,"column":49}},{"start":{"line":250,"column":53},"end":{"line":250,"column":90}},{"start":{"line":250,"column":94},"end":{"line":250,"column":136}}],"line":250},"89":{"loc":{"start":{"line":256,"column":4},"end":{"line":260,"column":5}},"type":"if","locations":[{"start":{"line":256,"column":4},"end":{"line":260,"column":5}},{"start":{"line":256,"column":4},"end":{"line":260,"column":5}}],"line":256}},"s":{"0":1,"1":1,"2":1,"3":1,"4":0,"5":0,"6":0,"7":0,"8":0,"9":0,"10":0,"11":0,"12":0,"13":0,"14":0,"15":0,"16":0,"17":0,"18":0,"19":0,"20":0,"21":0,"22":0,"23":0,"24":0,"25":0,"26":0,"27":0,"28":0,"29":0,"30":0,"31":0,"32":0,"33":0,"34":0,"35":0,"36":0,"37":0,"38":0,"39":0,"40":0,"41":0,"42":0,"43":0,"44":0,"45":0,"46":0,"47":0,"48":0,"49":0,"50":0,"51":0,"52":0,"53":0,"54":0,"55":0,"56":0,"57":0,"58":0,"59":0,"60":0,"61":0,"62":0,"63":0,"64":0,"65":0,"66":0,"67":0,"68":0,"69":0,"70":0,"71":0,"72":0,"73":0,"74":0,"75":0,"76":0,"77":0,"78":0,"79":0,"80":0,"81":0,"82":0,"83":0,"84":0,"85":0,"86":0,"87":0,"88":0,"89":0,"90":0,"91":0,"92":0,"93":0,"94":0,"95":0,"96":0,"97":0,"98":0,"99":0,"100":0,"101":0,"102":0,"103":0,"104":0,"105":0,"106":0,"107":0,"108":0,"109":0,"110":0,"111":0,"112":0,"113":0,"114":0,"115":0,"116":0,"117":0,"118":0,"119":0,"120":0,"121":0,"122":0,"123":0,"124":0,"125":0,"126":0,"127":0,"128":0,"129":0,"130":0,"131":0,"132":0,"133":0,"134":1,"135":0,"136":0,"137":0,"138":0,"139":0,"140":0,"141":0,"142":0,"143":0,"144":0,"145":0,"146":0,"147":0,"148":0,"149":0,"150":0,"151":0,"152":0,"153":0,"154":0,"155":0,"156":0,"157":0,"158":0,"159":0,"160":0,"161":0,"162":0,"163":0,"164":0,"165":0,"166":0,"167":0,"168":0,"169":0,"170":0,"171":0,"172":0,"173":1},"f":{"0":0,"1":0,"2":0,"3":0,"4":0,"5":0},"b":{"0":[0,0],"1":[0,0],"2":[0,0],"3":[0,0],"4":[0,0],"5":[0,0],"6":[0,0],"7":[0,0],"8":[0,0],"9":[0,0],"10":[0,0],"11":[0,0],"12":[0,0],"13":[0,0],"14":[0,0],"15":[0,0],"16":[0,0],"17":[0,0],"18":[0,0],"19":[0,0],"20":[0,0],"21":[0,0],"22":[0,0],"23":[0,0],"24":[0,0],"25":[0,0],"26":[0,0],"27":[0,0],"28":[0,0],"29":[0,0],"30":[0,0],"31":[0,0],"32":[0,0],"33":[0,0],"34":[0,0],"35":[0,0],"36":[0,0],"37":[0,0],"38":[0,0],"39":[0,0],"40":[0,0],"41":[0,0],"42":[0,0],"43":[0,0],"44":[0,0],"45":[0,0],"46":[0,0],"47":[0,0],"48":[0,0],"49":[0,0],"50":[0,0],"51":[0,0],"52":[0,0],"53":[0,0],"54":[0,0],"55":[0,0],"56":[0,0],"57":[0,0],"58":[0,0],"59":[0,0],"60":[0,0],"61":[0,0],"62":[0,0],"63":[0,0],"64":[0,0],"65":[0,0],"66":[0,0],"67":[0,0],"68":[0,0],"69":[0,0],"70":[0,0],"71":[0,0],"72":[0,0],"73":[0,0],"74":[0,0],"75":[0,0],"76":[0,0],"77":[0,0],"78":[0,0],"79":[0,0],"80":[0,0],"81":[0,0],"82":[0,0],"83":[0,0],"84":[0,0],"85":[0,0],"86":[0,0,0],"87":[0,0],"88":[0,0,0,0],"89":[0,0]},"_coverageSchema":"43e27e138ebf9cfc5966b082cf9a028302ed4184","hash":"47d8a42f77a9008a9897dcf1e1270db5f4b6fa57","contentHash":"6043a271a8ffba872e506c07063ab41dcf78c850be6a9217680720b17d3e2769"},"C:\\Work\\ck-invoicexml\\api\\services\\national_invoice.service.js":{"path":"C:\\Work\\ck-invoicexml\\api\\services\\national_invoice.service.js","statementMap":{"0":{"start":{"line":3,"column":19},"end":{"line":3,"column":52}},"1":{"start":{"line":4,"column":15},"end":{"line":4,"column":43}},"2":{"start":{"line":11,"column":10},"end":{"line":120,"column":1}},"3":{"start":{"line":12,"column":10},"end":{"line":12,"column":11}},"4":{"start":{"line":13,"column":12},"end":{"line":13,"column":13}},"5":{"start":{"line":14,"column":14},"end":{"line":14,"column":18}},"6":{"start":{"line":15,"column":18},"end":{"line":15,"column":64}},"7":{"start":{"line":16,"column":34},"end":{"line":16,"column":95}},"8":{"start":{"line":17,"column":34},"end":{"line":17,"column":95}},"9":{"start":{"line":18,"column":35},"end":{"line":18,"column":105}},"10":{"start":{"line":19,"column":25},"end":{"line":19,"column":85}},"11":{"start":{"line":20,"column":19},"end":{"line":20,"column":66}},"12":{"start":{"line":21,"column":29},"end":{"line":21,"column":86}},"13":{"start":{"line":22,"column":22},"end":{"line":22,"column":72}},"14":{"start":{"line":24,"column":2},"end":{"line":24,"column":108}},"15":{"start":{"line":25,"column":2},"end":{"line":25,"column":86}},"16":{"start":{"line":26,"column":2},"end":{"line":26,"column":82}},"17":{"start":{"line":27,"column":2},"end":{"line":27,"column":80}},"18":{"start":{"line":28,"column":2},"end":{"line":28,"column":76}},"19":{"start":{"line":29,"column":2},"end":{"line":29,"column":72}},"20":{"start":{"line":30,"column":2},"end":{"line":30,"column":88}},"21":{"start":{"line":31,"column":2},"end":{"line":31,"column":88}},"22":{"start":{"line":32,"column":2},"end":{"line":32,"column":108}},"23":{"start":{"line":33,"column":2},"end":{"line":33,"column":92}},"24":{"start":{"line":34,"column":2},"end":{"line":34,"column":86}},"25":{"start":{"line":35,"column":2},"end":{"line":35,"column":72}},"26":{"start":{"line":36,"column":2},"end":{"line":36,"column":76}},"27":{"start":{"line":37,"column":2},"end":{"line":37,"column":86}},"28":{"start":{"line":38,"column":2},"end":{"line":38,"column":86}},"29":{"start":{"line":39,"column":2},"end":{"line":39,"column":98}},"30":{"start":{"line":40,"column":2},"end":{"line":40,"column":76}},"31":{"start":{"line":41,"column":2},"end":{"line":41,"column":108}},"32":{"start":{"line":42,"column":2},"end":{"line":42,"column":118}},"33":{"start":{"line":44,"column":2},"end":{"line":44,"column":130}},"34":{"start":{"line":45,"column":2},"end":{"line":45,"column":148}},"35":{"start":{"line":46,"column":2},"end":{"line":46,"column":106}},"36":{"start":{"line":47,"column":2},"end":{"line":47,"column":110}},"37":{"start":{"line":48,"column":2},"end":{"line":48,"column":122}},"38":{"start":{"line":49,"column":2},"end":{"line":49,"column":136}},"39":{"start":{"line":50,"column":2},"end":{"line":50,"column":118}},"40":{"start":{"line":51,"column":2},"end":{"line":51,"column":110}},"41":{"start":{"line":52,"column":2},"end":{"line":52,"column":138}},"42":{"start":{"line":53,"column":2},"end":{"line":53,"column":126}},"43":{"start":{"line":54,"column":2},"end":{"line":54,"column":134}},"44":{"start":{"line":56,"column":2},"end":{"line":56,"column":130}},"45":{"start":{"line":57,"column":2},"end":{"line":57,"column":148}},"46":{"start":{"line":58,"column":2},"end":{"line":58,"column":106}},"47":{"start":{"line":59,"column":2},"end":{"line":59,"column":110}},"48":{"start":{"line":60,"column":2},"end":{"line":60,"column":122}},"49":{"start":{"line":61,"column":2},"end":{"line":61,"column":136}},"50":{"start":{"line":62,"column":2},"end":{"line":62,"column":118}},"51":{"start":{"line":63,"column":2},"end":{"line":63,"column":110}},"52":{"start":{"line":64,"column":2},"end":{"line":64,"column":138}},"53":{"start":{"line":65,"column":2},"end":{"line":65,"column":126}},"54":{"start":{"line":67,"column":2},"end":{"line":75,"column":3}},"55":{"start":{"line":68,"column":4},"end":{"line":68,"column":137}},"56":{"start":{"line":69,"column":4},"end":{"line":69,"column":56}},"57":{"start":{"line":70,"column":9},"end":{"line":75,"column":3}},"58":{"start":{"line":71,"column":4},"end":{"line":71,"column":120}},"59":{"start":{"line":72,"column":4},"end":{"line":72,"column":121}},"60":{"start":{"line":73,"column":4},"end":{"line":73,"column":121}},"61":{"start":{"line":74,"column":4},"end":{"line":74,"column":66}},"62":{"start":{"line":77,"column":2},"end":{"line":77,"column":8}},"63":{"start":{"line":78,"column":2},"end":{"line":78,"column":29}},"64":{"start":{"line":80,"column":2},"end":{"line":92,"column":3}},"65":{"start":{"line":81,"column":4},"end":{"line":91,"column":5}},"66":{"start":{"line":82,"column":6},"end":{"line":82,"column":39}},"67":{"start":{"line":83,"column":6},"end":{"line":83,"column":100}},"68":{"start":{"line":84,"column":6},"end":{"line":84,"column":122}},"69":{"start":{"line":85,"column":6},"end":{"line":85,"column":108}},"70":{"start":{"line":86,"column":6},"end":{"line":86,"column":100}},"71":{"start":{"line":87,"column":6},"end":{"line":87,"column":96}},"72":{"start":{"line":88,"column":6},"end":{"line":88,"column":89}},"73":{"start":{"line":90,"column":6},"end":{"line":90,"column":54}},"74":{"start":{"line":94,"column":2},"end":{"line":94,"column":15}},"75":{"start":{"line":95,"column":2},"end":{"line":95,"column":32}},"76":{"start":{"line":97,"column":2},"end":{"line":97,"column":117}},"77":{"start":{"line":98,"column":2},"end":{"line":98,"column":115}},"78":{"start":{"line":99,"column":2},"end":{"line":99,"column":119}},"79":{"start":{"line":100,"column":2},"end":{"line":100,"column":113}},"80":{"start":{"line":101,"column":2},"end":{"line":101,"column":105}},"81":{"start":{"line":103,"column":2},"end":{"line":103,"column":8}},"82":{"start":{"line":104,"column":2},"end":{"line":104,"column":32}},"83":{"start":{"line":106,"column":2},"end":{"line":116,"column":3}},"84":{"start":{"line":107,"column":4},"end":{"line":115,"column":5}},"85":{"start":{"line":108,"column":6},"end":{"line":108,"column":42}},"86":{"start":{"line":109,"column":6},"end":{"line":109,"column":117}},"87":{"start":{"line":110,"column":6},"end":{"line":110,"column":123}},"88":{"start":{"line":111,"column":6},"end":{"line":111,"column":111}},"89":{"start":{"line":112,"column":6},"end":{"line":112,"column":107}},"90":{"start":{"line":114,"column":6},"end":{"line":114,"column":33}},"91":{"start":{"line":118,"column":2},"end":{"line":118,"column":15}},"92":{"start":{"line":119,"column":2},"end":{"line":119,"column":35}},"93":{"start":{"line":128,"column":2},"end":{"line":138,"column":3}},"94":{"start":{"line":129,"column":4},"end":{"line":129,"column":101}},"95":{"start":{"line":130,"column":4},"end":{"line":130,"column":105}},"96":{"start":{"line":131,"column":4},"end":{"line":131,"column":90}},"97":{"start":{"line":132,"column":4},"end":{"line":132,"column":90}},"98":{"start":{"line":133,"column":4},"end":{"line":133,"column":110}},"99":{"start":{"line":136,"column":4},"end":{"line":136,"column"
[...]
n":203}},"type":"if","locations":[{"start":{"line":722,"column":8},"end":{"line":722,"column":203}},{"start":{"line":722,"column":8},"end":{"line":722,"column":203}}],"line":722},"186":{"loc":{"start":{"line":722,"column":12},"end":{"line":722,"column":115}},"type":"binary-expr","locations":[{"start":{"line":722,"column":12},"end":{"line":722,"column":32}},{"start":{"line":722,"column":36},"end":{"line":722,"column":67}},{"start":{"line":722,"column":71},"end":{"line":722,"column":115}}],"line":722},"187":{"loc":{"start":{"line":723,"column":8},"end":{"line":723,"column":226}},"type":"if","locations":[{"start":{"line":723,"column":8},"end":{"line":723,"column":226}},{"start":{"line":723,"column":8},"end":{"line":723,"column":226}}],"line":723},"188":{"loc":{"start":{"line":723,"column":12},"end":{"line":723,"column":127}},"type":"binary-expr","locations":[{"start":{"line":723,"column":12},"end":{"line":723,"column":25}},{"start":{"line":723,"column":29},"end":{"line":723,"column":53}},{"start":{"line":723,"column":57},"end":{"line":723,"column":94}},{"start":{"line":723,"column":98},"end":{"line":723,"column":127}}],"line":723},"189":{"loc":{"start":{"line":726,"column":68},"end":{"line":726,"column":94}},"type":"binary-expr","locations":[{"start":{"line":726,"column":68},"end":{"line":726,"column":88}},{"start":{"line":726,"column":92},"end":{"line":726,"column":94}}],"line":726},"190":{"loc":{"start":{"line":727,"column":59},"end":{"line":727,"column":98}},"type":"binary-expr","locations":[{"start":{"line":727,"column":59},"end":{"line":727,"column":92}},{"start":{"line":727,"column":96},"end":{"line":727,"column":98}}],"line":727},"191":{"loc":{"start":{"line":731,"column":6},"end":{"line":731,"column":229}},"type":"if","locations":[{"start":{"line":731,"column":6},"end":{"line":731,"column":229}},{"start":{"line":731,"column":6},"end":{"line":731,"column":229}}],"line":731},"192":{"loc":{"start":{"line":731,"column":10},"end":{"line":731,"column":134}},"type":"binary-expr","locations":[{"start":{"line":731,"column":10},"end":{"line":731,"column":37}},{"start":{"line":731,"column":41},"end":{"line":731,"column":79}},{"start":{"line":731,"column":83},"end":{"line":731,"column":134}}],"line":731},"193":{"loc":{"start":{"line":732,"column":6},"end":{"line":732,"column":231}},"type":"if","locations":[{"start":{"line":732,"column":6},"end":{"line":732,"column":231}},{"start":{"line":732,"column":6},"end":{"line":732,"column":231}}],"line":732},"194":{"loc":{"start":{"line":732,"column":10},"end":{"line":732,"column":110}},"type":"binary-expr","locations":[{"start":{"line":732,"column":10},"end":{"line":732,"column":46}},{"start":{"line":732,"column":50},"end":{"line":732,"column":110}}],"line":732},"195":{"loc":{"start":{"line":734,"column":69},"end":{"line":734,"column":91}},"type":"binary-expr","locations":[{"start":{"line":734,"column":69},"end":{"line":734,"column":85}},{"start":{"line":734,"column":89},"end":{"line":734,"column":91}}],"line":734},"196":{"loc":{"start":{"line":736,"column":70},"end":{"line":736,"column":93}},"type":"binary-expr","locations":[{"start":{"line":736,"column":70},"end":{"line":736,"column":87}},{"start":{"line":736,"column":91},"end":{"line":736,"column":93}}],"line":736},"197":{"loc":{"start":{"line":765,"column":6},"end":{"line":779,"column":7}},"type":"if","locations":[{"start":{"line":765,"column":6},"end":{"line":779,"column":7}},{"start":{"line":765,"column":6},"end":{"line":779,"column":7}}],"line":765},"198":{"loc":{"start":{"line":765,"column":10},"end":{"line":765,"column":66}},"type":"binary-expr","locations":[{"start":{"line":765,"column":10},"end":{"line":765,"column":35}},{"start":{"line":765,"column":39},"end":{"line":765,"column":66}}],"line":765},"199":{"loc":{"start":{"line":769,"column":25},"end":{"line":769,"column":57}},"type":"binary-expr","locations":[{"start":{"line":769,"column":25},"end":{"line":769,"column":50}},{"start":{"line":769,"column":54},"end":{"line":769,"column":57}}],"line":769},"200":{"loc":{"start":{"line":772,"column":25},"end":{"line":772,"column":59}},"type":"binary-expr","locations":[{"start":{"line":772,"column":25},"end":{"line":772,"column":52}},{"start":{"line":772,"column":56},"end":{"line":772,"column":59}}],"line":772},"201":{"loc":{"start":{"line":794,"column":60},"end":{"line":794,"column":84}},"type":"binary-expr","locations":[{"start":{"line":794,"column":60},"end":{"line":794,"column":78}},{"start":{"line":794,"column":82},"end":{"line":794,"column":84}}],"line":794},"202":{"loc":{"start":{"line":795,"column":66},"end":{"line":795,"column":96}},"type":"binary-expr","locations":[{"start":{"line":795,"column":66},"end":{"line":795,"column":90}},{"start":{"line":795,"column":94},"end":{"line":795,"column":96}}],"line":795},"203":{"loc":{"start":{"line":796,"column":74},"end":{"line":796,"column":112}},"type":"binary-expr","locations":[{"start":{"line":796,"column":74},"end":{"line":796,"column":106}},{"start":{"line":796,"column":110},"end":{"line":796,"column":112}}],"line":796},"204":{"loc":{"start":{"line":797,"column":78},"end":{"line":797,"column":120}},"type":"binary-expr","locations":[{"start":{"line":797,"column":78},"end":{"line":797,"column":114}},{"start":{"line":797,"column":118},"end":{"line":797,"column":120}}],"line":797},"205":{"loc":{"start":{"line":798,"column":62},"end":{"line":798,"column":88}},"type":"binary-expr","locations":[{"start":{"line":798,"column":62},"end":{"line":798,"column":82}},{"start":{"line":798,"column":86},"end":{"line":798,"column":88}}],"line":798},"206":{"loc":{"start":{"line":800,"column":76},"end":{"line":800,"column":116}},"type":"binary-expr","locations":[{"start":{"line":800,"column":76},"end":{"line":800,"column":110}},{"start":{"line":800,"column":114},"end":{"line":800,"column":116}}],"line":800},"207":{"loc":{"start":{"line":801,"column":62},"end":{"line":801,"column":88}},"type":"binary-expr","locations":[{"start":{"line":801,"column":62},"end":{"line":801,"column":82}},{"start":{"line":801,"column":86},"end":{"line":801,"column":88}}],"line":801},"208":{"loc":{"start":{"line":817,"column":77},"end":{"line":817,"column":115}},"type":"binary-expr","locations":[{"start":{"line":817,"column":77},"end":{"line":817,"column":109}},{"start":{"line":817,"column":113},"end":{"line":817,"column":115}}],"line":817},"209":{"loc":{"start":{"line":818,"column":4},"end":{"line":818,"column":131}},"type":"binary-expr","locations":[{"start":{"line":818,"column":4},"end":{"line":818,"column":125}},{"start":{"line":818,"column":129},"end":{"line":818,"column":131}}],"line":818},"210":{"loc":{"start":{"line":821,"column":57},"end":{"line":821,"column":95}},"type":"binary-expr","locations":[{"start":{"line":821,"column":57},"end":{"line":821,"column":89}},{"start":{"line":821,"column":93},"end":{"line":821,"column":95}}],"line":821},"211":{"loc":{"start":{"line":826,"column":68},"end":{"line":826,"column":100}},"type":"binary-expr","locations":[{"start":{"line":826,"column":68},"end":{"line":826,"column":94}},{"start":{"line":826,"column":98},"end":{"line":826,"column":100}}],"line":826},"212":{"loc":{"start":{"line":832,"column":81},"end":{"line":832,"column":119}},"type":"binary-expr","locations":[{"start":{"line":832,"column":81},"end":{"line":832,"column":113}},{"start":{"line":832,"column":117},"end":{"line":832,"column":119}}],"line":832},"213":{"loc":{"start":{"line":834,"column":74},"end":{"line":834,"column":99}},"type":"binary-expr","locations":[{"start":{"line":834,"column":74},"end":{"line":834,"column":93}},{"start":{"line":834,"column":97},"end":{"line":834,"column":99}}],"line":834},"214":{"loc":{"start":{"line":840,"column":77},"end":{"line":840,"column":111}},"type":"binary-expr","locations":[{"start":{"line":840,"column":77},"end":{"line":840,"column":105}},{"start":{"line":840,"column":109},"end":{"line":840,"column":111}}],"line":840},"215":{"loc":{"start":{"line":844,"column":80},"end":{"line":844,"column":112}},"type":"binary-expr","locations":[{"start":{"line":844,"column":80},"end":{"line":844,"column":106}},{"start":{"line":844,"column":110},"end":{"line":844,"column":112}}],"line":844},"216":{"loc":{"start":{"line":847,"column":108},"end":{"line":847,"column":142}},"type":"binary-expr","locations":[{"start":{"line":847,"column":108},"end":{"line":847,"column":136}},{"start":{"line":847,"column":140},"end":{"line":847,"column":142}}],"line":847},"217":{"loc":{"start":{"line":848,"column":110},"end":{"line":848,"column":146}},"type":"binary-expr","locations":[{"start":{"line":848,"column":110},"end":{"line":848,"column":140}},{"start":{"line":848,"column":144},"end":{"line":848,"column":146}}],"line":848},"218":{"loc":{"start":{"line":853,"column":76},"end":{"line":853,"column":114}},"type":"binary-expr","locations":[{"start":{"line":853,"column":76},"end":{"line":853,"column":108}},{"start":{"line":853,"column":112},"end":{"line":853,"column":114}}],"line":853},"219":{"loc":{"start":{"line":855,"column":76},"end":{"line":855,"column":101}},"type":"binary-expr","locations":[{"start":{"line":855,"column":76},"end":{"line":855,"column":95}},{"start":{"line":855,"column":99},"end":{"line":855,"column":101}}],"line":855},"220":{"loc":{"start":{"line":861,"column":128},"end":{"line":861,"column":145}},"type":"binary-expr","locations":[{"start":{"line":861,"column":128},"end":{"line":861,"column":139}},{"start":{"line":861,"column":143},"end":{"line":861,"column":145}}],"line":861},"221":{"loc":{"start":{"line":863,"column":4},"end":{"line":867,"column":5}},"type":"if","locations":[{"start":{"line":863,"column":4},"end":{"line":867,"column":5}},{"start":{"line":863,"column":4},"end":{"line":867,"column":5}}],"line":863},"222":{"loc":{"start":{"line":869,"column":4},"end":{"line":873,"column":5}},"type":"if","locations":[{"start":{"line":869,"column":4},"end":{"line":873,"column":5}},{"start":{"line":869,"column":4},"end":{"line":873,"column":5}}],"line":869},"223":{"loc":{"start":{"line":883,"column":19},"end":{"line":884,"column":20}},"type":"cond-expr","locations":[{"start":{"line":884,"column":8},"end":{"line":884,"column":12}},{"start":{"line":884,"column":15},"end":{"line":884,"column":20}}],"line":883},"224":{"loc":{"start":{"line":883,"column":19},"end":{"line":883,"column":184}},"type":"binary-expr","locations":[{"start":{"line":883,"column":19},"end":{"line":883,"column":40}},{"start":{"line":883,"column":44},"end":{"line":883,"column":81}},{"start":{"line":883,"column":85},"end":{"line":883,"column":134}},{"start":{"line":883,"column":138},"end":{"line":883,"column":184}}],"line":883},"225":{"loc":{"start":{"line":913,"column":4},"end":{"line":917,"column":5}},"type":"if","locations":[{"start":{"line":913,"column":4},"end":{"line":917,"column":5}},{"start":{"line":913,"column":4},"end":{"line":917,"column":5}}],"line":913},"226":{"loc":{"start":{"line":919,"column":4},"end":{"line":924,"column":5}},"type":"if","locations":[{"start":{"line":919,"column":4},"end":{"line":924,"column":5}},{"start":{"line":919,"column":4},"end":{"line":924,"column":5}}],"line":919},"227":{"loc":{"start":{"line":922,"column":69},"end":{"line":922,"column":96}},"type":"binary-expr","locations":[{"start":{"line":922,"column":69},"end":{"line":922,"column":90}},{"start":{"line":922,"column":94},"end":{"line":922,"column":96}}],"line":922},"228":{"loc":{"start":{"line":923,"column":76},"end":{"line":923,"column":101}},"type":"binary-expr","locations":[{"start":{"line":923,"column":76},"end":{"line":923,"column":95}},{"start":{"line":923,"column":99},"end":{"line":923,"column":101}}],"line":923},"229":{"loc":{"start":{"line":930,"column":4},"end":{"line":934,"column":5}},"type":"if","locations":[{"start":{"line":930,"column":4},"end":{"line":934,"column":5}},{"start":{"line":930,"column":4},"end":{"line":934,"column":5}}],"line":930},"230":{"loc":{"start":{"line":930,"column":8},"end":{"line":930,"column":111}},"type":"binary-expr","locations":[{"start":{"line":930,"column":8},"end":{"line":930,"column":28}},{"start":{"line":930,"column":32},"end":{"line":930,"column":63}},{"start":{"line":930,"column":67},"end":{"line":930,"column":111}}],"line":930},"231":{"loc":{"start":{"line":936,"column":4},"end":{"line":940,"column":5}},"type":"if","locations":[{"start":{"line":936,"column":4},"end":{"line":940,"column":5}},{"start":{"line":936,"column":4},"end":{"line":940,"column":5}}],"line":936},"232":{"loc":{"start":{"line":936,"column":8},"end":{"line":936,"column":123}},"type":"binary-expr","locations":[{"start":{"line":936,"column":8},"end":{"line":936,"column":21}},{"start":{"line":936,"column":25},"end":{"line":936,"column":49}},{"start":{"line":936,"column":53},"end":{"line":936,"column":90}},{"start":{"line":936,"column":94},"end":{"line":936,"column":123}}],"line":936}},"s":{"0":1,"1":1,"2":1,"3":0,"4":0,"5":0,"6":0,"7":0,"8":0,"9":0,"10":0,"11":0,"12":0,"13":0,"14":0,"15":0,"16":0,"17":0,"18":0,"19":0,"20":0,"21":0,"22":0,"23":0,"24":0,"25":0,"26":0,"27":0,"28":0,"29":0,"30":0,"31":0,"32":0,"33":0,"34":0,"35":0,"36":0,"37":0,"38":0,"39":0,"40":0,"41":0,"42":0,"43":0,"44":0,"45":0,"46":0,"47":0,"48":0,"49":0,"50":0,"51":0,"52":0,"53":0,"54":0,"55":0,"56":0,"57":0,"58":0,"59":0,"60":0,"61":0,"62":0,"63":0,"64":0,"65":0,"66":0,"67":0,"68":0,"69":0,"70":0,"71":0,"72":0,"73":0,"74":0,"75":0,"76":0,"77":0,"78":0,"79":0,"80":0,"81":0,"82":0,"83":0,"84":0,"85":0,"86":0,"87":0,"88":0,"89":0,"90":0,"91":0,"92":0,"93":3,"94":3,"95":2,"96":2,"97":2,"98":2,"99":1,"100":1,"101":8,"102":8,"103":2,"104":6,"105":2,"106":4,"107":2,"108":2,"109":0,"110":8,"111":0,"112":0,"113":2,"114":2,"115":2,"116":1,"117":1,"118":1,"119":1,"120":10,"121":10,"122":9,"123":9,"124":9,"125":9,"126":1,"127":8,"128":9,"129":2,"130":7,"131":9,"132":9,"133":9,"134":9,"135":9,"136":9,"137":9,"138":9,"139":9,"140":9,"141":9,"142":9,"143":2,"144":7,"145":9,"146":9,"147":9,"148":9,"149":9,"150":9,"151":9,"152":9,"153":9,"154":9,"155":9,"156":9,"157":9,"158":9,"159":9,"160":9,"161":9,"162":8,"163":1,"164":1,"165":9,"166":9,"167":9,"168":9,"169":2,"170":7,"171":9,"172":9,"173":9,"174":9,"175":8,"176":1,"177":1,"178":9,"179":0,"180":9,"181":9,"182":1,"183":1,"184":3,"185":3,"186":2,"187":1,"188":1,"189":3,"190":3,"191":2,"192":2,"193":2,"194":2,"195":2,"196":2,"197":2,"198":2,"199":2,"200":2,"201":2,"202":2,"203":2,"204":2,"205":2,"206":2,"207":2,"208":1,"209":1,"210":2,"211":2,"212":1,"213":1,"214":1,"215":1,"216":1,"217":1,"218":0,"219":0,"220":0,"221":0,"222":0,"223":0,"224":0,"225":0,"226":0,"227":0,"228":0,"229":0,"230":0,"231":0,"232":0,"233":0,"234":0,"235":0,"236":1,"237":1,"238":1,"239":4,"240":4,"241":4,"242":3,"243":2,"244":1,"245":2,"246":1,"247":1,"248":1,"249":5,"250":5,"251":5,"252":4,"253":4,"254":4,"255":4,"256":4,"257":1,"258":1,"259":3,"260":4,"261":1,"262":1,"263":3,"264":1,"265":1,"266":3,"267":3,"268":3,"269":2,"270":2,"271":2,"272":2,"273":2,"274":2,"275":1,"276":1,"277":1,"278":2,"279":2,"280":2,"281":1,"282":1,"283":1,"284":1,"285":1,"286":1,"287":0,"288":0,"289":0,"290":0,"291":0,"292":0,"293":0,"294":0,"295":0,"296":0,"297":0,"298":0,"299":1,"300":1,"301":0,"302":0,"303":0,"304":0,"305":0,"306":0,"307":0,"308":0,"309":0,"310":0,"311":0,"312":0,"313":0,"314":0,"315":3,"316":1,"317":1,"318":2,"319":2,"320":2,"321":2,"322":1,"323":2,"324":0,"325":0,"326":0,"327":0,"328":0,"329":0,"330":0,"331":0,"332":0,"333":0,"334":0,"335":0,"336":0,"337":4,"338":4,"339":2,"340":2,"341":1,"342":1,"343":1,"344":4,"345":0,"346":0,"347":4,"348":4,"349":2,"350":2,"351":1,"352":1,"353":1,"354":4,"355":0,"356":0,"357":0,"358":0,"359":0,"360":0,"361":0,"362":0,"363":0,"364":0,"365":0,"366":0,"367":0,"368":0,"369":0,"370":0,"371":0,"372":0,"373":0,"374":0,"375":0,"376":0,"377":0,"378":0,"379":0,"380":0,"381":0,"382":0,"383":0,"384":0,"385":0,"386":0,"387":0,"388":0,"389":0,"390":0,"391":0,"392":0,"393":0,"394":0,"395":0,"396":0,"397":0,"398":0,"399":0,"400":0,"401":0,"402":0,"403":0,"404":0,"405":0,"406":0,"407":0,"408":0,"409":0,"410":0,"411":0,"412":0,"413":0,"414":0,"415":0,"416":0,"417":0,"418":0,"419":0,"420":0,"421":0,"422":0,"423":0,"424":0,"425":0,"426":0,"427":0,"428":0,"429":0,"430":0,"431":0,"432":0,"433":0,"434":3,"435":3,"436":2,"437":2,"438":2,"439":2,"440":2,"441":2,"442":2,"443":1,"444":1,"445":1,"446":1,"447":0,"448":0,"449":0,"450":0,"451":0,"452":0,"453":0,"454":0,"455":0,"456":0,"457":0,"458":0,"459":0,"460":0,"461":0,"462":0,"463":0,"464":0,"465":0,"466":0,"467":0,"468":0,"469":0,"470":0,"471":0,"472":0,"473":0,"474":0,"475":0,"476":0,"477":0,"478":0,"479":0,"480":0,"481":1,"482":1,"483":3,"484":3,"485":2,"486":1,"487":1,"488":1,"489":0,"490":0,"491":0,"492":0,"493":0,"494":0,"495":0,"496":0,"497":0,"498":0,"499":0,"500":0,"501":0,"502":0,"503":0,"504":0,"505":0,"506":0,"507":0,"508":0,"509":0,"510":0,"511":0,"512":0,"513":0,"514":0,"515":0,"516":0,"517":0,"518":0,"519":0,"520":0,"521":0,"522":1},"f":{"0":0,"1":3,"2":8,"3":2,"4":10,"5":3,"6":3,"7":2,"8":1,"9":4,"10":5,"11":3,"12":1,"13":0,"14":3,"15":0,"16":0,"17":4,"18":4,"19":0,"20":0,"21":3,"22":1,"23":3,"24":0},"b":{"0":[0,0],"1":[0,0],"2":[0,0],"3":[0,0],"4":[0,0],"5":[0,0],"6":[0,0],"7":[0,0],"8":[0,0],"9":[0,0],"10":[0,0],"11":[0,0],"12":[0,0],"13":[0,0],"14":[0,0],"15":[0,0],"16":[0,0],"17":[0,0],"18":[0,0],"19":[0,0],"20":[0,0],"21":[0,0],"22":[0,0],"23":[0,0],"24":[0,0],"25":[0,0],"26":[0,0],"27":[0,0],"28":[0,0],"29":[0,0],"30":[0,0],"31":[0,0],"32":[0,0],"33":[0,0],"34":[0,0],"35":[0,0],"36":[0,0],"37":[0,0],"38":[0,0],"39":[0,0],"40":[0,0],"41":[0,0],"42":[0,0],"43":[0,0],"44":[0,0],"45":[0,0],"46":[0,0],"47":[0,0],"48":[0,0],"49":[0,0],"50":[0,0],"51":[0,0],"52":[0,0],"53":[0,0],"54":[0,0],"55":[0,0],"56":[0,0],"57":[0,0],"58":[0,0],"59":[0,0],"60":[0,0],"61":[0,0],"62":[0,0],"63":[2,1],"64":[2,1],"65":[2,1],"66":[2,6],"67":[1,1],"68":[2,4],"69":[1,1],"70":[2,2],"71":[0,2],"72":[1,0],"73":[9,0],"74":[9,0],"75":[1,8],"76":[2,7],"77":[9,0],"78":[9,0],"79":[9,0],"80":[9,0],"81":[9,0],"82":[9,0],"83":[9,0],"84":[9,0],"85":[9,0],"86":[2,7],"87":[9,0],"88":[9,0],"89":[9,0],"90":[9,0],"91":[9,0],"92":[9,0],"93":[9,0],"94":[9,0],"95":[9,0],"96":[9,0],"97":[9,0],"98":[8,1],"99":[1,0],"100":[1,0],"101":[9,0],"102":[9,0],"103":[2,7],"104":[8,1],"105":[0,9],"106":[2,1],"107":[2,1],"108":[2,2],"109":[2,2],"110":[2,2],"111":[2,2],"112":[2,1],"113":[2,2],"114":[2,1],"115":[2,2],"116":[2,1],"117":[2,2],"118":[2,2],"119":[2,2],"120":[2,2],"121":[2,2],"122":[2,2],"123":[1,0],"124":[1,0],"125":[0,1],"126":[1,0],"127":[0,0],"128":[0,0],"129":[0,0],"130":[0,0],"131":[0,0],"132":[0,0],"133":[0,0],"134":[0,0],"135":[3,1],"136":[1,1],"137":[1,3],"138":[1,3],"139":[2,0],"140":[2,0],"141":[1,1],"142":[2,0],"143":[2,0],"144":[1,0],"145":[0,0],"146":[0,0],"147":[0,0,0],"148":[0,0],"149":[0,0],"150":[0,0],"151":[0,0],"152":[0,0],"153":[0,0],"154":[1,2],"155":[3,2],"156":[2,0],"157":[2,0],"158":[0,0],"159":[0,0],"160":[0,0],"161":[0,0],"162":[0,0],"163":[2,2],"164":[4,3],"165":[1,1],"166":[1,0],"167":[2,2],"168":[4,3],"169":[1,1],"170":[1,0],"171":[0,0],"172":[0,0],"173":[0,0],"174":[0,0],"175":[0,0],"176":[0,0],"177":[0,0],"178":[0,0],"179":[0,0],"180":[0,0],"181":[0,0],"182":[0,0,0,0],"183":[0,0],"184":[0,0,0],"185":[0,0],"186":[0,0,0],"187":[0,0],"188":[0,0,0,0],"189":[0,0],"190":[0,0],"191":[0,0],"192":[0,0,0],"193":[0,0],"194":[0,0],"195":[0,0],"196":[0,0],"197":[0,0],"198":[0,0],"199":[0,0],"200":[0,0],"201":[2,1],"202":[2,1],"203":[2,1],"204":[2,1],"205":[2,1],"206":[2,1],"207":[2,1],"208":[0,0],"209":[0,0],"210":[0,0],"211":[0,0],"212":[0,0],"213":[0,0],"214":[0,0],"215":[0,0],"216":[0,0],"217":[0,0],"218":[0,0],"219":[0,0],"220":[0,0],"221":[0,0],"222":[0,0],"223":[1,1],"224":[3,1,1,1],"225":[0,0],"226":[0,0],"227":[0,0],"228":[0,0],"229":[0,0],"230":[0,0,0],"231":[0,0],"232":[0,0,0,0]},"_coverageSchema":"43e27e138ebf9cfc5966b082cf9a028302ed4184","hash":"79e84dd09f6e87540d03e62904989313733ddf5b","contentHash":"873992e74111089dce9cbb6191bb23c8ad24c9ea779a834a96da6ce2548bf0a9"}}